2024-08-02 13:37:53,111 - BoatController - INFO - Initializing RC Boat Controller
2024-08-02 13:37:53,314 - ADCController - INFO - Initializing ADC Controller
2024-08-02 13:37:53,321 - TDSSensor - INFO - TDS Sensor initialized
2024-08-02 13:37:53,326 - ADCController - INFO - Initializing ADC Controller
2024-08-02 13:37:53,326 - ADCController - INFO - Initializing ADC Controller
2024-08-02 13:37:53,334 - TurbiditySensor - INFO - Turbidity Sensor initialized
2024-08-02 13:37:53,363 - server.websockets.connection - INFO - WS_URL env: 192.168.215.96:5000
2024-08-02 13:37:58,094 - server.websockets.connection - INFO - Connecting to ws://192.168.215.96:5000/ws?client=raspberry
2024-08-02 13:37:58,189 - server.websockets.connection - INFO - Connected to WebSocket
2024-08-02 13:37:58,199 - ADCController - DEBUG - Channel 0 raw value: -11161, voltage: -1.395 V
2024-08-02 13:37:58,199 - ADCController - DEBUG - Channel 0 raw value: -11161, voltage: -1.395 V
2024-08-02 13:37:58,204 - TDSSensor - DEBUG - Voltage: -1.395 V, TDS: -697.58 ppm
2024-08-02 13:37:58,209 - ADCController - DEBUG - Channel 1 raw value: 1243, voltage: 0.155 V
2024-08-02 13:37:58,209 - ADCController - DEBUG - Channel 1 raw value: 1243, voltage: 0.155 V
2024-08-02 13:37:58,212 - TurbiditySensor - DEBUG - Voltage: 0.155 V, Turbidity: 0.78 NTU
2024-08-02 13:37:58,217 - BoatController - INFO - Sensor data: {"distance_1": 64.01737213202529, "distance_2": 63.23278275010766, "tds": -697.5837885677664, "turbidity": 0.7768987090670493}
2024-08-02 13:37:58,222 - server.websockets.connection - INFO - Sent sensor data: {"distance_1": 64.01737213202529, "distance_2": 63.23278275010766, "tds": -697.5837885677664, "turbidity": 0.7768987090670493}
2024-08-02 13:38:00,228 - ADCController - DEBUG - Channel 0 raw value: 13739, voltage: 1.717 V
2024-08-02 13:38:00,228 - ADCController - DEBUG - Channel 0 raw value: 13739, voltage: 1.717 V
2024-08-02 13:38:00,229 - TDSSensor - DEBUG - Voltage: 1.717 V, TDS: 858.71 ppm
2024-08-02 13:38:00,233 - ADCController - DEBUG - Channel 1 raw value: 13682, voltage: 1.710 V
2024-08-02 13:38:00,233 - ADCController - DEBUG - Channel 1 raw value: 13682, voltage: 1.710 V
2024-08-02 13:38:00,235 - TurbiditySensor - DEBUG - Voltage: 1.710 V, Turbidity: 8.55 NTU
2024-08-02 13:38:00,237 - BoatController - INFO - Sensor data: {"distance_1": 65.30363600386654, "distance_2": 49.520764322892276, "tds": 858.7137058626057, "turbidity": 8.551510971404158}
2024-08-02 13:38:00,242 - server.websockets.connection - INFO - Sent sensor data: {"distance_1": 65.30363600386654, "distance_2": 49.520764322892276, "tds": 858.7137058626057, "turbidity": 8.551510971404158}
2024-08-02 13:38:02,248 - ADCController - DEBUG - Channel 0 raw value: 12836, voltage: 1.605 V
2024-08-02 13:38:02,248 - ADCController - DEBUG - Channel 0 raw value: 12836, voltage: 1.605 V
2024-08-02 13:38:02,250 - TDSSensor - DEBUG - Voltage: 1.605 V, TDS: 802.27 ppm
2024-08-02 13:38:02,254 - ADCController - DEBUG - Channel 1 raw value: 12836, voltage: 1.605 V
2024-08-02 13:38:02,254 - ADCController - DEBUG - Channel 1 raw value: 12836, voltage: 1.605 V
2024-08-02 13:38:02,257 - TurbiditySensor - DEBUG - Voltage: 1.605 V, Turbidity: 8.02 NTU
2024-08-02 13:38:02,259 - BoatController - INFO - Sensor data: {"distance_1": 55.88727619507778, "distance_2": 49.03342093787393, "tds": 802.2744834742272, "turbidity": 8.022744834742271}
2024-08-02 13:38:02,261 - server.websockets.connection - INFO - Sent sensor data: {"distance_1": 55.88727619507778, "distance_2": 49.03342093787393, "tds": 802.2744834742272, "turbidity": 8.022744834742271}
2024-08-02 13:38:04,267 - ADCController - DEBUG - Channel 0 raw value: 12476, voltage: 1.560 V
2024-08-02 13:38:04,267 - ADCController - DEBUG - Channel 0 raw value: 12476, voltage: 1.560 V
2024-08-02 13:38:04,269 - TDSSensor - DEBUG - Voltage: 1.560 V, TDS: 779.77 ppm
2024-08-02 13:38:04,273 - ADCController - DEBUG - Channel 1 raw value: 12234, voltage: 1.529 V
2024-08-02 13:38:04,273 - ADCController - DEBUG - Channel 1 raw value: 12234, voltage: 1.529 V
2024-08-02 13:38:04,276 - TurbiditySensor - DEBUG - Voltage: 1.529 V, Turbidity: 7.65 NTU
2024-08-02 13:38:04,278 - BoatController - INFO - Sensor data: {"distance_1": 60.670278198034964, "distance_2": 49.01083442995632, "tds": 779.7737968077639, "turbidity": 7.646483352153081}
2024-08-02 13:38:04,280 - server.websockets.connection - INFO - Sent sensor data: {"distance_1": 60.670278198034964, "distance_2": 49.01083442995632, "tds": 779.7737968077639, "turbidity": 7.646483352153081}
2024-08-02 13:38:06,286 - ADCController - DEBUG - Channel 0 raw value: 13007, voltage: 1.626 V
2024-08-02 13:38:06,286 - ADCController - DEBUG - Channel 0 raw value: 13007, voltage: 1.626 V
2024-08-02 13:38:06,288 - TDSSensor - DEBUG - Voltage: 1.626 V, TDS: 812.96 ppm
2024-08-02 13:38:06,295 - ADCController - DEBUG - Channel 1 raw value: 1637, voltage: 0.205 V
2024-08-02 13:38:06,295 - ADCController - DEBUG - Channel 1 raw value: 1637, voltage: 0.205 V
2024-08-02 13:38:06,298 - TurbiditySensor - DEBUG - Voltage: 0.205 V, Turbidity: 1.02 NTU
2024-08-02 13:38:06,300 - BoatController - INFO - Sensor data: {"distance_1": 77.85445734004003, "distance_2": 71.06022634501343, "tds": 812.9623096407971, "turbidity": 1.0231562242500076}
2024-08-02 13:38:06,304 - server.websockets.connection - INFO - Sent sensor data: {"distance_1": 77.85445734004003, "distance_2": 71.06022634501343, "tds": 812.9623096407971, "turbidity": 1.0231562242500076}
2024-08-02 13:38:08,310 - ADCController - DEBUG - Channel 0 raw value: 13880, voltage: 1.735 V
2024-08-02 13:38:08,310 - ADCController - DEBUG - Channel 0 raw value: 13880, voltage: 1.735 V
2024-08-02 13:38:08,314 - TDSSensor - DEBUG - Voltage: 1.735 V, TDS: 867.53 ppm
2024-08-02 13:38:08,318 - ADCController - DEBUG - Channel 1 raw value: 13490, voltage: 1.686 V
2024-08-02 13:38:08,318 - ADCController - DEBUG - Channel 1 raw value: 13490, voltage: 1.686 V
2024-08-02 13:38:08,323 - TurbiditySensor - DEBUG - Voltage: 1.686 V, Turbidity: 8.43 NTU
2024-08-02 13:38:08,324 - BoatController - INFO - Sensor data: {"distance_1": 55.374274125192514, "distance_2": 49.483881035950276, "tds": 867.5264748069704, "turbidity": 8.431507309183019}
2024-08-02 13:38:08,327 - server.websockets.connection - INFO - Sent sensor data: {"distance_1": 55.374274125192514, "distance_2": 49.483881035950276, "tds": 867.5264748069704, "turbidity": 8.431507309183019}
2024-08-02 13:38:10,334 - ADCController - DEBUG - Channel 0 raw value: 14075, voltage: 1.759 V
2024-08-02 13:38:10,334 - ADCController - DEBUG - Channel 0 raw value: 14075, voltage: 1.759 V
2024-08-02 13:38:10,337 - TDSSensor - DEBUG - Voltage: 1.759 V, TDS: 879.71 ppm
2024-08-02 13:38:10,341 - ADCController - DEBUG - Channel 1 raw value: 13700, voltage: 1.713 V
2024-08-02 13:38:10,341 - ADCController - DEBUG - Channel 1 raw value: 13700, voltage: 1.713 V
2024-08-02 13:38:10,344 - TurbiditySensor - DEBUG - Voltage: 1.713 V, Turbidity: 8.56 NTU
2024-08-02 13:38:10,346 - BoatController - INFO - Sensor data: {"distance_1": 55.81388720685918, "distance_2": 50.67936980078072, "tds": 879.7143467513048, "turbidity": 8.56276131473739}
2024-08-02 13:38:10,349 - server.websockets.connection - INFO - Sent sensor data: {"distance_1": 55.81388720685918, "distance_2": 50.67936980078072, "tds": 879.7143467513048, "turbidity": 8.56276131473739}
2024-08-02 13:38:12,355 - ADCController - DEBUG - Channel 0 raw value: 14002, voltage: 1.750 V
2024-08-02 13:38:12,355 - ADCController - DEBUG - Channel 0 raw value: 14002, voltage: 1.750 V
2024-08-02 13:38:12,357 - TDSSensor - DEBUG - Voltage: 1.750 V, TDS: 875.15 ppm
2024-08-02 13:38:12,364 - ADCController - DEBUG - Channel 1 raw value: 13554, voltage: 1.694 V
2024-08-02 13:38:12,364 - ADCController - DEBUG - Channel 1 raw value: 13554, voltage: 1.694 V
2024-08-02 13:38:12,368 - TurbiditySensor - DEBUG - Voltage: 1.694 V, Turbidity: 8.47 NTU
2024-08-02 13:38:12,371 - BoatController - INFO - Sensor data: {"distance_1": 55.284563123903894, "distance_2": 50.64284693692952, "tds": 875.1517075106052, "turbidity": 8.471508529923398}
2024-08-02 13:38:12,376 - server.websockets.connection - INFO - Sent sensor data: {"distance_1": 55.284563123903894, "distance_2": 50.64284693692952, "tds": 875.1517075106052, "turbidity": 8.471508529923398}
2024-08-02 13:38:14,384 - ADCController - DEBUG - Channel 0 raw value: 13593, voltage: 1.699 V
2024-08-02 13:38:14,384 - ADCController - DEBUG - Channel 0 raw value: 13593, voltage: 1.699 V
2024-08-02 13:38:14,392 - TDSSensor - DEBUG - Voltage: 1.699 V, TDS: 849.59 ppm
2024-08-02 13:38:14,396 - ADCController - DEBUG - Channel 1 raw value: 1398, voltage: 0.175 V
2024-08-02 13:38:14,396 - ADCController - DEBUG - Channel 1 raw value: 1398, voltage: 0.175 V
2024-08-02 13:38:14,398 - TurbiditySensor - DEBUG - Voltage: 0.175 V, Turbidity: 0.87 NTU
2024-08-02 13:38:14,400 - BoatController - INFO - Sensor data: {"distance_1": 55.839374262077754, "distance_2": 56.99166375593141, "tds": 849.5884273812067, "turbidity": 0.8737766655476548}
2024-08-02 13:38:14,402 - server.websockets.connection - INFO - Sent sensor data: {"distance_1": 55.839374262077754, "distance_2": 56.99166375593141, "tds": 849.5884273812067, "turbidity": 0.8737766655476548}
2024-08-02 13:38:16,411 - ADCController - DEBUG - Channel 0 raw value: 14079, voltage: 1.760 V
2024-08-02 13:38:16,411 - ADCController - DEBUG - Channel 0 raw value: 14079, voltage: 1.760 V
2024-08-02 13:38:16,414 - TDSSensor - DEBUG - Voltage: 1.760 V, TDS: 879.96 ppm
2024-08-02 13:38:16,419 - ADCController - DEBUG - Channel 1 raw value: 13738, voltage: 1.717 V
2024-08-02 13:38:16,419 - ADCController - DEBUG - Channel 1 raw value: 13738, voltage: 1.717 V
2024-08-02 13:38:16,424 - TurbiditySensor - DEBUG - Voltage: 1.717 V, Turbidity: 8.59 NTU
2024-08-02 13:38:16,426 - BoatController - INFO - Sensor data: {"distance_1": 55.61731936787546, "distance_2": 45.5944706280882, "tds": 879.9643543809321, "turbidity": 8.586512039551987}
2024-08-02 13:38:16,432 - server.websockets.connection - INFO - Sent sensor data: {"distance_1": 55.61731936787546, "distance_2": 45.5944706280882, "tds": 879.9643543809321, "turbidity": 8.586512039551987}
2024-08-02 13:38:18,439 - ADCController - DEBUG - Channel 0 raw value: 15273, voltage: 1.909 V
2024-08-02 13:38:18,439 - ADCController - DEBUG - Channel 0 raw value: 15273, voltage: 1.909 V
2024-08-02 13:38:18,441 - TDSSensor - DEBUG - Voltage: 1.909 V, TDS: 954.59 ppm
2024-08-02 13:38:18,445 - ADCController - DEBUG - Channel 1 raw value: 15273, voltage: 1.909 V
2024-08-02 13:38:18,445 - ADCController - DEBUG - Channel 1 raw value: 15273, voltage: 1.909 V
2024-08-02 13:38:18,447 - TurbiditySensor - DEBUG - Voltage: 1.909 V, Turbidity: 9.55 NTU
2024-08-02 13:38:18,449 - BoatController - INFO - Sensor data: {"distance_1": 62.62155683096111, "distance_2": 48.59907689660665, "tds": 954.5916318247016, "turbidity": 9.545916318247016}
2024-08-02 13:38:18,451 - server.websockets.connection - INFO - Sent sensor data: {"distance_1": 62.62155683096111, "distance_2": 48.59907689660665, "tds": 954.5916318247016, "turbidity": 9.545916318247016}
2024-08-02 13:38:20,458 - ADCController - DEBUG - Channel 0 raw value: 14524, voltage: 1.816 V
2024-08-02 13:38:20,458 - ADCController - DEBUG - Channel 0 raw value: 14524, voltage: 1.816 V
2024-08-02 13:38:20,460 - TDSSensor - DEBUG - Voltage: 1.816 V, TDS: 907.78 ppm
2024-08-02 13:38:20,464 - ADCController - DEBUG - Channel 1 raw value: 14574, voltage: 1.822 V
2024-08-02 13:38:20,464 - ADCController - DEBUG - Channel 1 raw value: 14574, voltage: 1.822 V
2024-08-02 13:38:20,467 - TurbiditySensor - DEBUG - Voltage: 1.822 V, Turbidity: 9.11 NTU
2024-08-02 13:38:20,469 - BoatController - INFO - Sensor data: {"distance_1": 55.92845023176506, "distance_2": 60.43032229463202, "tds": 907.777703176977, "turbidity": 9.109027985473189}
2024-08-02 13:38:20,472 - server.websockets.connection - INFO - Sent sensor data: {"distance_1": 55.92845023176506, "distance_2": 60.43032229463202, "tds": 907.777703176977, "turbidity": 9.109027985473189}
2024-08-02 13:38:22,479 - ADCController - DEBUG - Channel 0 raw value: 15082, voltage: 1.885 V
2024-08-02 13:38:22,479 - ADCController - DEBUG - Channel 0 raw value: 15082, voltage: 1.885 V
2024-08-02 13:38:22,481 - TDSSensor - DEBUG - Voltage: 1.885 V, TDS: 942.65 ppm
2024-08-02 13:38:22,485 - ADCController - DEBUG - Channel 1 raw value: 14760, voltage: 1.845 V
2024-08-02 13:38:22,485 - ADCController - DEBUG - Channel 1 raw value: 14760, voltage: 1.845 V
2024-08-02 13:38:22,489 - TurbiditySensor - DEBUG - Voltage: 1.845 V, Turbidity: 9.23 NTU
2024-08-02 13:38:22,490 - BoatController - INFO - Sensor data: {"distance_1": 54.87577479010477, "distance_2": 50.091485562102065, "tds": 942.6537675099949, "turbidity": 9.225281533249916}
2024-08-02 13:38:22,493 - server.websockets.connection - INFO - Sent sensor data: {"distance_1": 54.87577479010477, "distance_2": 50.091485562102065, "tds": 942.6537675099949, "turbidity": 9.225281533249916}
2024-08-02 13:38:24,502 - ADCController - DEBUG - Channel 0 raw value: 15311, voltage: 1.914 V
2024-08-02 13:38:24,502 - ADCController - DEBUG - Channel 0 raw value: 15311, voltage: 1.914 V
2024-08-02 13:38:24,505 - TDSSensor - DEBUG - Voltage: 1.914 V, TDS: 956.97 ppm
2024-08-02 13:38:24,508 - ADCController - DEBUG - Channel 1 raw value: 15176, voltage: 1.897 V
2024-08-02 13:38:24,508 - ADCController - DEBUG - Channel 1 raw value: 15176, voltage: 1.897 V
2024-08-02 13:38:24,511 - TurbiditySensor - DEBUG - Voltage: 1.897 V, Turbidity: 9.49 NTU
2024-08-02 13:38:24,514 - BoatController - INFO - Sensor data: {"distance_1": 55.70799149699971, "distance_2": 52.235058447085144, "tds": 956.9667043061617, "turbidity": 9.48528946806238}
2024-08-02 13:38:24,517 - server.websockets.connection - INFO - Sent sensor data: {"distance_1": 55.70799149699971, "distance_2": 52.235058447085144, "tds": 956.9667043061617, "turbidity": 9.48528946806238}
2024-08-02 13:38:26,523 - ADCController - DEBUG - Channel 0 raw value: 13096, voltage: 1.637 V
2024-08-02 13:38:26,523 - ADCController - DEBUG - Channel 0 raw value: 13096, voltage: 1.637 V
2024-08-02 13:38:26,525 - TDSSensor - DEBUG - Voltage: 1.637 V, TDS: 818.52 ppm
2024-08-02 13:38:26,528 - ADCController - DEBUG - Channel 1 raw value: 12664, voltage: 1.583 V
2024-08-02 13:38:26,528 - ADCController - DEBUG - Channel 1 raw value: 12664, voltage: 1.583 V
2024-08-02 13:38:26,531 - TurbiditySensor - DEBUG - Voltage: 1.583 V, Turbidity: 7.92 NTU
2024-08-02 13:38:26,533 - BoatController - INFO - Sensor data: {"distance_1": 53.799191289112656, "distance_2": 49.203111519438664, "tds": 818.5249794000061, "turbidity": 7.9152415540025025}
2024-08-02 13:38:26,536 - server.websockets.connection - INFO - Sent sensor data: {"distance_1": 53.799191289112656, "distance_2": 49.203111519438664, "tds": 818.5249794000061, "turbidity": 7.9152415540025025}
2024-08-02 13:38:28,540 - ADCController - DEBUG - Channel 0 raw value: 13127, voltage: 1.641 V
2024-08-02 13:38:28,540 - ADCController - DEBUG - Channel 0 raw value: 13127, voltage: 1.641 V
2024-08-02 13:38:28,541 - TDSSensor - DEBUG - Voltage: 1.641 V, TDS: 820.46 ppm
2024-08-02 13:38:28,545 - ADCController - DEBUG - Channel 1 raw value: 13127, voltage: 1.641 V
2024-08-02 13:38:28,545 - ADCController - DEBUG - Channel 1 raw value: 13127, voltage: 1.641 V
2024-08-02 13:38:28,547 - TurbiditySensor - DEBUG - Voltage: 1.641 V, Turbidity: 8.20 NTU
2024-08-02 13:38:28,549 - BoatController - INFO - Sensor data: {"distance_1": 57.05732939387684, "distance_2": 48.917141613313845, "tds": 820.4625385296183, "turbidity": 8.204625385296183}
2024-08-02 13:38:28,551 - server.websockets.connection - INFO - Sent sensor data: {"distance_1": 57.05732939387684, "distance_2": 48.917141613313845, "tds": 820.4625385296183, "turbidity": 8.204625385296183}
2024-08-02 13:38:30,556 - ADCController - DEBUG - Channel 0 raw value: 13513, voltage: 1.689 V
2024-08-02 13:38:30,556 - ADCController - DEBUG - Channel 0 raw value: 13513, voltage: 1.689 V
2024-08-02 13:38:30,558 - TDSSensor - DEBUG - Voltage: 1.689 V, TDS: 844.59 ppm
2024-08-02 13:38:30,562 - ADCController - DEBUG - Channel 1 raw value: 13090, voltage: 1.636 V
2024-08-02 13:38:30,562 - ADCController - DEBUG - Channel 1 raw value: 13090, voltage: 1.636 V
2024-08-02 13:38:30,564 - TurbiditySensor - DEBUG - Voltage: 1.636 V, Turbidity: 8.18 NTU
2024-08-02 13:38:30,566 - BoatController - INFO - Sensor data: {"distance_1": 74.14242653691548, "distance_2": 47.86944344072393, "tds": 844.5882747886593, "turbidity": 8.18149967955565}
2024-08-02 13:38:30,568 - server.websockets.connection - INFO - Sent sensor data: {"distance_1": 74.14242653691548, "distance_2": 47.86944344072393, "tds": 844.5882747886593, "turbidity": 8.18149967955565}
2024-08-02 13:38:32,572 - ADCController - DEBUG - Channel 0 raw value: 13468, voltage: 1.684 V
2024-08-02 13:38:32,572 - ADCController - DEBUG - Channel 0 raw value: 13468, voltage: 1.684 V
2024-08-02 13:38:32,574 - TDSSensor - DEBUG - Voltage: 1.684 V, TDS: 841.78 ppm
2024-08-02 13:38:32,577 - ADCController - DEBUG - Channel 1 raw value: 13349, voltage: 1.669 V
2024-08-02 13:38:32,577 - ADCController - DEBUG - Channel 1 raw value: 13349, voltage: 1.669 V
2024-08-02 13:38:32,582 - TurbiditySensor - DEBUG - Voltage: 1.669 V, Turbidity: 8.34 NTU
2024-08-02 13:38:32,584 - BoatController - INFO - Sensor data: {"distance_1": 96.70682859259718, "distance_2": 48.09273407078456, "tds": 841.7756889553514, "turbidity": 8.343379619739371}
2024-08-02 13:38:32,587 - server.websockets.connection - INFO - Sent sensor data: {"distance_1": 96.70682859259718, "distance_2": 48.09273407078456, "tds": 841.7756889553514, "turbidity": 8.343379619739371}
2024-08-02 13:38:34,592 - ADCController - DEBUG - Channel 0 raw value: 14360, voltage: 1.795 V
2024-08-02 13:38:34,592 - ADCController - DEBUG - Channel 0 raw value: 14360, voltage: 1.795 V
2024-08-02 13:38:34,595 - TDSSensor - DEBUG - Voltage: 1.795 V, TDS: 897.53 ppm
2024-08-02 13:38:34,598 - ADCController - DEBUG - Channel 1 raw value: 14125, voltage: 1.766 V
2024-08-02 13:38:34,598 - ADCController - DEBUG - Channel 1 raw value: 14125, voltage: 1.766 V
2024-08-02 13:38:34,600 - TurbiditySensor - DEBUG - Voltage: 1.766 V, Turbidity: 8.83 NTU
2024-08-02 13:38:34,601 - BoatController - INFO - Sensor data: {"distance_1": 87.75941343276787, "distance_2": 48.58263474283157, "tds": 897.5273903622547, "turbidity": 8.828394421216467}
2024-08-02 13:38:34,604 - server.websockets.connection - INFO - Sent sensor data: {"distance_1": 87.75941343276787, "distance_2": 48.58263474283157, "tds": 897.5273903622547, "turbidity": 8.828394421216467}
2024-08-02 13:38:36,608 - ADCController - DEBUG - Channel 0 raw value: 17752, voltage: 2.219 V
2024-08-02 13:38:36,608 - ADCController - DEBUG - Channel 0 raw value: 17752, voltage: 2.219 V
2024-08-02 13:38:36,611 - TDSSensor - DEBUG - Voltage: 2.219 V, TDS: 1109.53 ppm
2024-08-02 13:38:36,615 - ADCController - DEBUG - Channel 1 raw value: 17752, voltage: 2.219 V
2024-08-02 13:38:36,615 - ADCController - DEBUG - Channel 1 raw value: 17752, voltage: 2.219 V
2024-08-02 13:38:36,620 - TurbiditySensor - DEBUG - Voltage: 2.219 V, Turbidity: 11.10 NTU
2024-08-02 13:38:36,624 - BoatController - INFO - Sensor data: {"distance_1": 129.4689703587563, "distance_2": 47.94144222625434, "tds": 1109.5338602862635, "turbidity": 11.095338602862634}
2024-08-02 13:38:36,627 - server.websockets.connection - INFO - Sent sensor data: {"distance_1": 129.4689703587563, "distance_2": 47.94144222625434, "tds": 1109.5338602862635, "turbidity": 11.095338602862634}
2024-08-02 13:38:38,631 - ADCController - DEBUG - Channel 0 raw value: 18157, voltage: 2.270 V
2024-08-02 13:38:38,631 - ADCController - DEBUG - Channel 0 raw value: 18157, voltage: 2.270 V
2024-08-02 13:38:38,636 - TDSSensor - DEBUG - Voltage: 2.270 V, TDS: 1134.85 ppm
2024-08-02 13:38:38,641 - ADCController - DEBUG - Channel 1 raw value: 17620, voltage: 2.203 V
2024-08-02 13:38:38,641 - ADCController - DEBUG - Channel 1 raw value: 17620, voltage: 2.203 V
2024-08-02 13:38:38,643 - TurbiditySensor - DEBUG - Voltage: 2.203 V, Turbidity: 11.01 NTU
2024-08-02 13:38:38,645 - BoatController - INFO - Sensor data: {"distance_1": 127.89563814894325, "distance_2": 47.026208087770954, "tds": 1134.8471327860348, "turbidity": 11.012836085085604}
2024-08-02 13:38:38,649 - server.websockets.connection - INFO - Sent sensor data: {"distance_1": 127.89563814894325, "distance_2": 47.026208087770954, "tds": 1134.8471327860348, "turbidity": 11.012836085085604}
2024-08-02 13:38:40,654 - ADCController - DEBUG - Channel 0 raw value: 18489, voltage: 2.311 V
2024-08-02 13:38:40,654 - ADCController - DEBUG - Channel 0 raw value: 18489, voltage: 2.311 V
2024-08-02 13:38:40,656 - TDSSensor - DEBUG - Voltage: 2.311 V, TDS: 1155.60 ppm
2024-08-02 13:38:40,660 - ADCController - DEBUG - Channel 1 raw value: 17822, voltage: 2.228 V
2024-08-02 13:38:40,660 - ADCController - DEBUG - Channel 1 raw value: 17822, voltage: 2.228 V
2024-08-02 13:38:40,662 - TurbiditySensor - DEBUG - Voltage: 2.228 V, Turbidity: 11.14 NTU
2024-08-02 13:38:40,664 - BoatController - INFO - Sensor data: {"distance_1": 94.16476517417922, "distance_2": 48.68571572094595, "tds": 1155.5977660451065, "turbidity": 11.139089938047427}
2024-08-02 13:38:40,666 - server.websockets.connection - INFO - Sent sensor data: {"distance_1": 94.16476517417922, "distance_2": 48.68571572094595, "tds": 1155.5977660451065, "turbidity": 11.139089938047427}
2024-08-02 13:38:42,672 - ADCController - DEBUG - Channel 0 raw value: 16568, voltage: 2.071 V
2024-08-02 13:38:42,672 - ADCController - DEBUG - Channel 0 raw value: 16568, voltage: 2.071 V
2024-08-02 13:38:42,674 - TDSSensor - DEBUG - Voltage: 2.071 V, TDS: 1035.53 ppm
2024-08-02 13:38:42,679 - ADCController - DEBUG - Channel 1 raw value: 16568, voltage: 2.071 V
2024-08-02 13:38:42,679 - ADCController - DEBUG - Channel 1 raw value: 16568, voltage: 2.071 V
2024-08-02 13:38:42,681 - TurbiditySensor - DEBUG - Voltage: 2.071 V, Turbidity: 10.36 NTU
2024-08-02 13:38:42,683 - BoatController - INFO - Sensor data: {"distance_1": 89.75063036725464, "distance_2": 49.35841950593533, "tds": 1035.5316019165625, "turbidity": 10.355316019165626}
2024-08-02 13:38:42,688 - server.websockets.connection - INFO - Sent sensor data: {"distance_1": 89.75063036725464, "distance_2": 49.35841950593533, "tds": 1035.5316019165625, "turbidity": 10.355316019165626}
2024-08-02 13:38:44,692 - ADCController - DEBUG - Channel 0 raw value: 14293, voltage: 1.787 V
2024-08-02 13:38:44,692 - ADCController - DEBUG - Channel 0 raw value: 14293, voltage: 1.787 V
2024-08-02 13:38:44,694 - TDSSensor - DEBUG - Voltage: 1.787 V, TDS: 893.34 ppm
2024-08-02 13:38:44,698 - ADCController - DEBUG - Channel 1 raw value: 14803, voltage: 1.850 V
2024-08-02 13:38:44,698 - ADCController - DEBUG - Channel 1 raw value: 14803, voltage: 1.850 V
2024-08-02 13:38:44,700 - TurbiditySensor - DEBUG - Voltage: 1.850 V, Turbidity: 9.25 NTU
2024-08-02 13:38:44,702 - BoatController - INFO - Sensor data: {"distance_1": 100.94138693109028, "distance_2": 49.648474205788375, "tds": 893.3397625659964, "turbidity": 9.252157353434859}
2024-08-02 13:38:44,704 - server.websockets.connection - INFO - Sent sensor data: {"distance_1": 100.94138693109028, "distance_2": 49.648474205788375, "tds": 893.3397625659964, "turbidity": 9.252157353434859}
2024-08-02 13:38:46,711 - ADCController - DEBUG - Channel 0 raw value: 14350, voltage: 1.794 V
2024-08-02 13:38:46,711 - ADCController - DEBUG - Channel 0 raw value: 14350, voltage: 1.794 V
2024-08-02 13:38:46,718 - TDSSensor - DEBUG - Voltage: 1.794 V, TDS: 896.90 ppm
2024-08-02 13:38:46,725 - ADCController - DEBUG - Channel 1 raw value: 996, voltage: 0.125 V
2024-08-02 13:38:46,725 - ADCController - DEBUG - Channel 1 raw value: 996, voltage: 0.125 V
2024-08-02 13:38:46,729 - TurbiditySensor - DEBUG - Voltage: 0.125 V, Turbidity: 0.62 NTU
2024-08-02 13:38:46,731 - BoatController - INFO - Sensor data: {"distance_1": 119.74067302507218, "distance_2": 50.47598825114786, "tds": 896.9023712881863, "turbidity": 0.6225189977721488}
2024-08-02 13:38:46,734 - server.websockets.connection - INFO - Sent sensor data: {"distance_1": 119.74067302507218, "distance_2": 50.47598825114786, "tds": 896.9023712881863, "turbidity": 0.6225189977721488}
2024-08-02 13:38:48,738 - ADCController - DEBUG - Channel 0 raw value: 12784, voltage: 1.598 V
2024-08-02 13:38:48,738 - ADCController - DEBUG - Channel 0 raw value: 12784, voltage: 1.598 V
2024-08-02 13:38:48,740 - TDSSensor - DEBUG - Voltage: 1.598 V, TDS: 799.02 ppm
2024-08-02 13:38:48,745 - ADCController - DEBUG - Channel 1 raw value: 12784, voltage: 1.598 V
2024-08-02 13:38:48,745 - ADCController - DEBUG - Channel 1 raw value: 12784, voltage: 1.598 V
2024-08-02 13:38:48,749 - TurbiditySensor - DEBUG - Voltage: 1.598 V, Turbidity: 7.99 NTU
2024-08-02 13:38:48,750 - BoatController - INFO - Sensor data: {"distance_1": 162.64685147386285, "distance_2": 46.72537502424561, "tds": 799.0243842890715, "turbidity": 7.990243842890714}
2024-08-02 13:38:48,756 - server.websockets.connection - INFO - Sent sensor data: {"distance_1": 162.64685147386285, "distance_2": 46.72537502424561, "tds": 799.0243842890715, "turbidity": 7.990243842890714}
2024-08-02 13:38:49,141 - server.websockets.connection - INFO - Received message: FORWARD
2024-08-02 13:38:50,146 - server.websockets.connection - INFO - Motor moving forward
2024-08-02 13:38:50,762 - ADCController - DEBUG - Channel 0 raw value: 18117, voltage: 2.265 V
2024-08-02 13:38:50,762 - ADCController - DEBUG - Channel 0 raw value: 18117, voltage: 2.265 V
2024-08-02 13:38:50,765 - TDSSensor - DEBUG - Voltage: 2.265 V, TDS: 1132.35 ppm
2024-08-02 13:38:50,773 - ADCController - DEBUG - Channel 1 raw value: 17675, voltage: 2.209 V
2024-08-02 13:38:50,773 - ADCController - DEBUG - Channel 1 raw value: 17675, voltage: 2.209 V
2024-08-02 13:38:50,780 - TurbiditySensor - DEBUG - Voltage: 2.209 V, Turbidity: 11.05 NTU
2024-08-02 13:38:50,785 - BoatController - INFO - Sensor data: {"distance_1": 110.92843365296403, "distance_2": 49.79561260531639, "tds": 1132.3470564897611, "turbidity": 11.047212134159368}
2024-08-02 13:38:50,790 - server.websockets.connection - INFO - Sent sensor data: {"distance_1": 110.92843365296403, "distance_2": 49.79561260531639, "tds": 1132.3470564897611, "turbidity": 11.047212134159368}
2024-08-02 13:38:50,947 - server.websockets.connection - INFO - Received message: SERVO:112
2024-08-02 13:38:51,052 - ServoController - INFO - Set angle to 112 degrees (pulse width: 1744.4444444444446 microseconds)
2024-08-02 13:38:51,055 - server.websockets.connection - INFO - Set servo angle to 112
2024-08-02 13:38:52,294 - server.websockets.connection - INFO - Received message: SERVO:143
2024-08-02 13:38:52,397 - ServoController - INFO - Set angle to 143 degrees (pulse width: 2088.8888888888887 microseconds)
2024-08-02 13:38:52,398 - server.websockets.connection - INFO - Set servo angle to 143
2024-08-02 13:38:52,794 - ADCController - DEBUG - Channel 0 raw value: 16163, voltage: 2.020 V
2024-08-02 13:38:52,794 - ADCController - DEBUG - Channel 0 raw value: 16163, voltage: 2.020 V
2024-08-02 13:38:52,796 - TDSSensor - DEBUG - Voltage: 2.020 V, TDS: 1010.22 ppm
2024-08-02 13:38:52,801 - ADCController - DEBUG - Channel 1 raw value: 15851, voltage: 1.981 V
2024-08-02 13:38:52,801 - ADCController - DEBUG - Channel 1 raw value: 15851, voltage: 1.981 V
2024-08-02 13:38:52,804 - TurbiditySensor - DEBUG - Voltage: 1.981 V, Turbidity: 9.91 NTU
2024-08-02 13:38:52,805 - BoatController - INFO - Sensor data: {"distance_1": 56.0535513386892, "distance_2": 56.248454366961994, "tds": 1010.2183294167912, "turbidity": 9.907177343058565}
2024-08-02 13:38:52,808 - server.websockets.connection - INFO - Sent sensor data: {"distance_1": 56.0535513386892, "distance_2": 56.248454366961994, "tds": 1010.2183294167912, "turbidity": 9.907177343058565}
2024-08-02 13:38:53,748 - server.websockets.connection - INFO - Received message: SERVO:52
2024-08-02 13:38:53,852 - ServoController - INFO - Set angle to 52 degrees (pulse width: 1077.7777777777778 microseconds)
2024-08-02 13:38:53,855 - server.websockets.connection - INFO - Set servo angle to 52
2024-08-02 13:38:54,815 - ADCController - DEBUG - Channel 0 raw value: 15543, voltage: 1.943 V
2024-08-02 13:38:54,815 - ADCController - DEBUG - Channel 0 raw value: 15543, voltage: 1.943 V
2024-08-02 13:38:54,820 - TDSSensor - DEBUG - Voltage: 1.943 V, TDS: 971.47 ppm
2024-08-02 13:38:54,825 - ADCController - DEBUG - Channel 1 raw value: 15259, voltage: 1.907 V
2024-08-02 13:38:54,825 - ADCController - DEBUG - Channel 1 raw value: 15259, voltage: 1.907 V
2024-08-02 13:38:54,828 - TurbiditySensor - DEBUG - Voltage: 1.907 V, Turbidity: 9.54 NTU
2024-08-02 13:38:54,830 - BoatController - INFO - Sensor data: {"distance_1": 64.10423407495622, "distance_2": 48.35448698391784, "tds": 971.4671468245491, "turbidity": 9.53716605121006}
2024-08-02 13:38:54,834 - server.websockets.connection - INFO - Sent sensor data: {"distance_1": 64.10423407495622, "distance_2": 48.35448698391784, "tds": 971.4671468245491, "turbidity": 9.53716605121006}
2024-08-02 13:38:55,710 - server.websockets.connection - INFO - Received message: SERVO:3
2024-08-02 13:38:55,813 - ServoController - INFO - Set angle to 3 degrees (pulse width: 533.3333333333334 microseconds)
2024-08-02 13:38:55,816 - server.websockets.connection - INFO - Set servo angle to 3
2024-08-02 13:38:56,841 - ADCController - DEBUG - Channel 0 raw value: 16981, voltage: 2.123 V
2024-08-02 13:38:56,841 - ADCController - DEBUG - Channel 0 raw value: 16981, voltage: 2.123 V
2024-08-02 13:38:56,843 - TDSSensor - DEBUG - Voltage: 2.123 V, TDS: 1061.34 ppm
2024-08-02 13:38:56,850 - ADCController - DEBUG - Channel 1 raw value: 16054, voltage: 2.007 V
2024-08-02 13:38:56,850 - ADCController - DEBUG - Channel 1 raw value: 16054, voltage: 2.007 V
2024-08-02 13:38:56,852 - TurbiditySensor - DEBUG - Voltage: 2.007 V, Turbidity: 10.03 NTU
2024-08-02 13:38:56,855 - BoatController - INFO - Sensor data: {"distance_1": 105.69740869801021, "distance_2": 49.21172734505399, "tds": 1061.3448896755883, "turbidity": 10.034056215094456}
2024-08-02 13:38:56,860 - server.websockets.connection - INFO - Sent sensor data: {"distance_1": 105.69740869801021, "distance_2": 49.21172734505399, "tds": 1061.3448896755883, "turbidity": 10.034056215094456}
2024-08-02 13:38:57,417 - server.websockets.connection - INFO - Received message: SERVO:175
2024-08-02 13:38:57,524 - ServoController - INFO - Set angle to 175 degrees (pulse width: 2444.4444444444443 microseconds)
2024-08-02 13:38:57,525 - server.websockets.connection - INFO - Set servo angle to 175
2024-08-02 13:38:58,872 - ADCController - DEBUG - Channel 0 raw value: 15799, voltage: 1.975 V
2024-08-02 13:38:58,872 - ADCController - DEBUG - Channel 0 raw value: 15799, voltage: 1.975 V
2024-08-02 13:38:58,876 - TDSSensor - DEBUG - Voltage: 1.975 V, TDS: 987.47 ppm
2024-08-02 13:38:58,881 - ADCController - DEBUG - Channel 1 raw value: 807, voltage: 0.101 V
2024-08-02 13:38:58,881 - ADCController - DEBUG - Channel 1 raw value: 807, voltage: 0.101 V
2024-08-02 13:38:58,884 - TurbiditySensor - DEBUG - Voltage: 0.101 V, Turbidity: 0.50 NTU
2024-08-02 13:38:58,887 - BoatController - INFO - Sensor data: {"distance_1": 59.00783569216591, "distance_2": 48.29766029139887, "tds": 987.4676351207007, "turbidity": 0.504390392773217}
2024-08-02 13:38:58,890 - server.websockets.connection - INFO - Sent sensor data: {"distance_1": 59.00783569216591, "distance_2": 48.29766029139887, "tds": 987.4676351207007, "turbidity": 0.504390392773217}
2024-08-02 13:38:59,835 - server.websockets.connection - INFO - Received message: SERVO:123
2024-08-02 13:38:59,939 - ServoController - INFO - Set angle to 123 degrees (pulse width: 1866.6666666666667 microseconds)
2024-08-02 13:38:59,941 - server.websockets.connection - INFO - Set servo angle to 123
2024-08-02 13:39:00,896 - ADCController - DEBUG - Channel 0 raw value: 15651, voltage: 1.956 V
2024-08-02 13:39:00,896 - ADCController - DEBUG - Channel 0 raw value: 15651, voltage: 1.956 V
2024-08-02 13:39:00,899 - TDSSensor - DEBUG - Voltage: 1.956 V, TDS: 978.22 ppm
2024-08-02 13:39:00,905 - ADCController - DEBUG - Channel 1 raw value: 15433, voltage: 1.929 V
2024-08-02 13:39:00,905 - ADCController - DEBUG - Channel 1 raw value: 15433, voltage: 1.929 V
2024-08-02 13:39:00,907 - TurbiditySensor - DEBUG - Voltage: 1.929 V, Turbidity: 9.65 NTU
2024-08-02 13:39:00,911 - BoatController - INFO - Sensor data: {"distance_1": 62.447970248622795, "distance_2": 49.72208631284252, "tds": 978.2173528244881, "turbidity": 9.645919370097964}
2024-08-02 13:39:00,916 - server.websockets.connection - INFO - Sent sensor data: {"distance_1": 62.447970248622795, "distance_2": 49.72208631284252, "tds": 978.2173528244881, "turbidity": 9.645919370097964}
2024-08-02 13:39:00,932 - server.websockets.connection - INFO - Received message: SERVO:46
2024-08-02 13:39:01,037 - ServoController - INFO - Set angle to 46 degrees (pulse width: 1011.1111111111111 microseconds)
2024-08-02 13:39:01,039 - server.websockets.connection - INFO - Set servo angle to 46
2024-08-02 13:39:02,921 - ADCController - DEBUG - Channel 0 raw value: 15727, voltage: 1.966 V
2024-08-02 13:39:02,921 - ADCController - DEBUG - Channel 0 raw value: 15727, voltage: 1.966 V
2024-08-02 13:39:02,926 - TDSSensor - DEBUG - Voltage: 1.966 V, TDS: 982.97 ppm
2024-08-02 13:39:02,931 - ADCController - DEBUG - Channel 1 raw value: 15084, voltage: 1.886 V
2024-08-02 13:39:02,931 - ADCController - DEBUG - Channel 1 raw value: 15084, voltage: 1.886 V
2024-08-02 13:39:02,934 - TurbiditySensor - DEBUG - Voltage: 1.886 V, Turbidity: 9.43 NTU
2024-08-02 13:39:02,936 - BoatController - INFO - Sensor data: {"distance_1": 64.4049813239013, "distance_2": 48.6838106280932, "tds": 982.9674977874081, "turbidity": 9.427787713248085}
2024-08-02 13:39:02,940 - server.websockets.connection - INFO - Sent sensor data: {"distance_1": 64.4049813239013, "distance_2": 48.6838106280932, "tds": 982.9674977874081, "turbidity": 9.427787713248085}
2024-08-02 13:39:03,691 - server.websockets.connection - INFO - Received message: SERVO:9
2024-08-02 13:39:03,795 - ServoController - INFO - Set angle to 9 degrees (pulse width: 600.0 microseconds)
2024-08-02 13:39:03,796 - server.websockets.connection - INFO - Set servo angle to 9
2024-08-02 13:39:04,948 - ADCController - DEBUG - Channel 0 raw value: 16866, voltage: 2.108 V
2024-08-02 13:39:04,948 - ADCController - DEBUG - Channel 0 raw value: 16866, voltage: 2.108 V
2024-08-02 13:39:04,951 - TDSSensor - DEBUG - Voltage: 2.108 V, TDS: 1054.16 ppm
2024-08-02 13:39:04,957 - ADCController - DEBUG - Channel 1 raw value: 16735, voltage: 2.092 V
2024-08-02 13:39:04,957 - ADCController - DEBUG - Channel 1 raw value: 16735, voltage: 2.092 V
2024-08-02 13:39:04,965 - TurbiditySensor - DEBUG - Voltage: 2.092 V, Turbidity: 10.46 NTU
2024-08-02 13:39:04,969 - BoatController - INFO - Sensor data: {"distance_1": 211.49970048910097, "distance_2": 58.329656910028405, "tds": 1054.1571703238012, "turbidity": 10.459694204535051}
2024-08-02 13:39:04,971 - server.websockets.connection - INFO - Sent sensor data: {"distance_1": 211.49970048910097, "distance_2": 58.329656910028405, "tds": 1054.1571703238012, "turbidity": 10.459694204535051}
2024-08-02 13:39:06,977 - ADCController - DEBUG - Channel 0 raw value: 17505, voltage: 2.188 V
2024-08-02 13:39:06,977 - ADCController - DEBUG - Channel 0 raw value: 17505, voltage: 2.188 V
2024-08-02 13:39:06,980 - TDSSensor - DEBUG - Voltage: 2.188 V, TDS: 1094.10 ppm
2024-08-02 13:39:06,985 - ADCController - DEBUG - Channel 1 raw value: 17275, voltage: 2.159 V
2024-08-02 13:39:06,985 - ADCController - DEBUG - Channel 1 raw value: 17275, voltage: 2.159 V
2024-08-02 13:39:06,990 - TurbiditySensor - DEBUG - Voltage: 2.159 V, Turbidity: 10.80 NTU
2024-08-02 13:39:06,992 - BoatController - INFO - Sensor data: {"distance_1": 100.02284033400355, "distance_2": 33.854274945096364, "tds": 1094.0958891567736, "turbidity": 10.797204504532}
2024-08-02 13:39:06,995 - server.websockets.connection - INFO - Sent sensor data: {"distance_1": 100.02284033400355, "distance_2": 33.854274945096364, "tds": 1094.0958891567736, "turbidity": 10.797204504532}
2024-08-02 13:39:09,002 - ADCController - DEBUG - Channel 0 raw value: 17327, voltage: 2.166 V
2024-08-02 13:39:09,002 - ADCController - DEBUG - Channel 0 raw value: 17327, voltage: 2.166 V
2024-08-02 13:39:09,004 - TDSSensor - DEBUG - Voltage: 2.166 V, TDS: 1082.97 ppm
2024-08-02 13:39:09,008 - ADCController - DEBUG - Channel 1 raw value: 17327, voltage: 2.166 V
2024-08-02 13:39:09,008 - ADCController - DEBUG - Channel 1 raw value: 17327, voltage: 2.166 V
2024-08-02 13:39:09,012 - TurbiditySensor - DEBUG - Voltage: 2.166 V, Turbidity: 10.83 NTU
2024-08-02 13:39:09,015 - BoatController - INFO - Sensor data: {"distance_1": 98.5517824410552, "distance_2": 58.38205554903465, "tds": 1082.9705496383558, "turbidity": 10.829705496383557}
2024-08-02 13:39:09,020 - server.websockets.connection - INFO - Sent sensor data: {"distance_1": 98.5517824410552, "distance_2": 58.38205554903465, "tds": 1082.9705496383558, "turbidity": 10.829705496383557}
2024-08-02 13:39:11,025 - ADCController - DEBUG - Channel 0 raw value: 17688, voltage: 2.211 V
2024-08-02 13:39:11,025 - ADCController - DEBUG - Channel 0 raw value: 17688, voltage: 2.211 V
2024-08-02 13:39:11,027 - TDSSensor - DEBUG - Voltage: 2.211 V, TDS: 1105.53 ppm
2024-08-02 13:39:11,033 - ADCController - DEBUG - Channel 1 raw value: 17324, voltage: 2.166 V
2024-08-02 13:39:11,033 - ADCController - DEBUG - Channel 1 raw value: 17324, voltage: 2.166 V
2024-08-02 13:39:11,036 - TurbiditySensor - DEBUG - Voltage: 2.166 V, Turbidity: 10.83 NTU
2024-08-02 13:39:11,040 - BoatController - INFO - Sensor data: {"distance_1": 106.59359190601488, "distance_2": 48.876362325354364, "tds": 1105.5337382122257, "turbidity": 10.827830439161353}
2024-08-02 13:39:11,046 - server.websockets.connection - INFO - Sent sensor data: {"distance_1": 106.59359190601488, "distance_2": 48.876362325354364, "tds": 1105.5337382122257, "turbidity": 10.827830439161353}
2024-08-02 13:39:13,052 - ADCController - DEBUG - Channel 0 raw value: 17711, voltage: 2.214 V
2024-08-02 13:39:13,052 - ADCController - DEBUG - Channel 0 raw value: 17711, voltage: 2.214 V
2024-08-02 13:39:13,054 - TDSSensor - DEBUG - Voltage: 2.214 V, TDS: 1106.97 ppm
2024-08-02 13:39:13,057 - ADCController - DEBUG - Channel 1 raw value: 17711, voltage: 2.214 V
2024-08-02 13:39:13,057 - ADCController - DEBUG - Channel 1 raw value: 17711, voltage: 2.214 V
2024-08-02 13:39:13,060 - TurbiditySensor - DEBUG - Voltage: 2.214 V, Turbidity: 11.07 NTU
2024-08-02 13:39:13,062 - BoatController - INFO - Sensor data: {"distance_1": 246.67339822234317, "distance_2": 49.648611509799736, "tds": 1106.9712820825832, "turbidity": 11.069712820825831}
2024-08-02 13:39:13,064 - server.websockets.connection - INFO - Sent sensor data: {"distance_1": 246.67339822234317, "distance_2": 49.648611509799736, "tds": 1106.9712820825832, "turbidity": 11.069712820825831}
2024-08-02 13:39:15,071 - ADCController - DEBUG - Channel 0 raw value: 17337, voltage: 2.167 V
2024-08-02 13:39:15,071 - ADCController - DEBUG - Channel 0 raw value: 17337, voltage: 2.167 V
2024-08-02 13:39:15,075 - TDSSensor - DEBUG - Voltage: 2.167 V, TDS: 1083.60 ppm
2024-08-02 13:39:15,082 - ADCController - DEBUG - Channel 1 raw value: 147, voltage: 0.018 V
2024-08-02 13:39:15,082 - ADCController - DEBUG - Channel 1 raw value: 147, voltage: 0.018 V
2024-08-02 13:39:15,086 - TurbiditySensor - DEBUG - Voltage: 0.018 V, Turbidity: 0.09 NTU
2024-08-02 13:39:15,087 - BoatController - INFO - Sensor data: {"distance_1": 112.0497096059955, "distance_2": 49.56090857998214, "tds": 1083.5955687124242, "turbidity": 0.09187780388805811}
2024-08-02 13:39:15,092 - server.websockets.connection - INFO - Sent sensor data: {"distance_1": 112.0497096059955, "distance_2": 49.56090857998214, "tds": 1083.5955687124242, "turbidity": 0.09187780388805811}
2024-08-02 13:39:16,808 - server.websockets.connection - INFO - Received message: SERVO:23
2024-08-02 13:39:16,914 - ServoController - INFO - Set angle to 23 degrees (pulse width: 755.5555555555555 microseconds)
2024-08-02 13:39:16,915 - server.websockets.connection - INFO - Set servo angle to 23
2024-08-02 13:39:17,100 - ADCController - DEBUG - Channel 0 raw value: 15959, voltage: 1.995 V
2024-08-02 13:39:17,100 - ADCController - DEBUG - Channel 0 raw value: 15959, voltage: 1.995 V
2024-08-02 13:39:17,102 - TDSSensor - DEBUG - Voltage: 1.995 V, TDS: 997.47 ppm
2024-08-02 13:39:17,107 - ADCController - DEBUG - Channel 1 raw value: 15959, voltage: 1.995 V
2024-08-02 13:39:17,107 - ADCController - DEBUG - Channel 1 raw value: 15959, voltage: 1.995 V
2024-08-02 13:39:17,110 - TurbiditySensor - DEBUG - Voltage: 1.995 V, Turbidity: 9.97 NTU
2024-08-02 13:39:17,113 - BoatController - INFO - Sensor data: {"distance_1": 108.76194816334123, "distance_2": 36.35646871517889, "tds": 997.4679403057954, "turbidity": 9.974679403057955}
2024-08-02 13:39:17,118 - server.websockets.connection - INFO - Sent sensor data: {"distance_1": 108.76194816334123, "distance_2": 36.35646871517889, "tds": 997.4679403057954, "turbidity": 9.974679403057955}
2024-08-02 13:39:17,995 - server.websockets.connection - INFO - Received message: SERVO:21
2024-08-02 13:39:18,099 - ServoController - INFO - Set angle to 21 degrees (pulse width: 733.3333333333334 microseconds)
2024-08-02 13:39:18,100 - server.websockets.connection - INFO - Set servo angle to 21
2024-08-02 13:39:19,126 - ADCController - DEBUG - Channel 0 raw value: 12774, voltage: 1.597 V
2024-08-02 13:39:19,126 - ADCController - DEBUG - Channel 0 raw value: 12774, voltage: 1.597 V
2024-08-02 13:39:19,137 - TDSSensor - DEBUG - Voltage: 1.597 V, TDS: 798.40 ppm
2024-08-02 13:39:19,147 - ADCController - DEBUG - Channel 1 raw value: 711, voltage: 0.089 V
2024-08-02 13:39:19,147 - ADCController - DEBUG - Channel 1 raw value: 711, voltage: 0.089 V
2024-08-02 13:39:19,151 - TurbiditySensor - DEBUG - Voltage: 0.089 V, Turbidity: 0.44 NTU
2024-08-02 13:39:19,156 - BoatController - INFO - Sensor data: {"distance_1": 62.7677341019218, "distance_2": 35.49976040726969, "tds": 798.399365215003, "turbidity": 0.44438856166264834}
2024-08-02 13:39:19,161 - server.websockets.connection - INFO - Sent sensor data: {"distance_1": 62.7677341019218, "distance_2": 35.49976040726969, "tds": 798.399365215003, "turbidity": 0.44438856166264834}
2024-08-02 13:39:19,862 - server.websockets.connection - INFO - Received message: SERVO:22
2024-08-02 13:39:19,967 - ServoController - INFO - Set angle to 22 degrees (pulse width: 744.4444444444445 microseconds)
2024-08-02 13:39:19,971 - server.websockets.connection - INFO - Set servo angle to 22
2024-08-02 13:39:21,167 - ADCController - DEBUG - Channel 0 raw value: 16776, voltage: 2.097 V
2024-08-02 13:39:21,167 - ADCController - DEBUG - Channel 0 raw value: 16776, voltage: 2.097 V
2024-08-02 13:39:21,171 - TDSSensor - DEBUG - Voltage: 2.097 V, TDS: 1048.53 ppm
2024-08-02 13:39:21,184 - ADCController - DEBUG - Channel 1 raw value: 686, voltage: 0.086 V
2024-08-02 13:39:21,184 - ADCController - DEBUG - Channel 1 raw value: 686, voltage: 0.086 V
2024-08-02 13:39:21,190 - TurbiditySensor - DEBUG - Voltage: 0.086 V, Turbidity: 0.43 NTU
2024-08-02 13:39:21,193 - BoatController - INFO - Sensor data: {"distance_1": 63.47069625591478, "distance_2": 49.31990573391939, "tds": 1048.5319986571856, "turbidity": 0.42876308481093783}
2024-08-02 13:39:21,198 - server.websockets.connection - INFO - Sent sensor data: {"distance_1": 63.47069625591478, "distance_2": 49.31990573391939, "tds": 1048.5319986571856, "turbidity": 0.42876308481093783}
2024-08-02 13:39:23,205 - ADCController - DEBUG - Channel 0 raw value: 11758, voltage: 1.470 V
2024-08-02 13:39:23,205 - ADCController - DEBUG - Channel 0 raw value: 11758, voltage: 1.470 V
2024-08-02 13:39:23,208 - TDSSensor - DEBUG - Voltage: 1.470 V, TDS: 734.90 ppm
2024-08-02 13:39:23,215 - ADCController - DEBUG - Channel 1 raw value: 13076, voltage: 1.635 V
2024-08-02 13:39:23,215 - ADCController - DEBUG - Channel 1 raw value: 13076, voltage: 1.635 V
2024-08-02 13:39:23,225 - TurbiditySensor - DEBUG - Voltage: 1.635 V, Turbidity: 8.17 NTU
2024-08-02 13:39:23,229 - BoatController - INFO - Sensor data: {"distance_1": 63.432645885364025, "distance_2": 47.922734556047914, "tds": 734.8974272896512, "turbidity": 8.172749412518693}
2024-08-02 13:39:23,238 - server.websockets.connection - INFO - Sent sensor data: {"distance_1": 63.432645885364025, "distance_2": 47.922734556047914, "tds": 734.8974272896512, "turbidity": 8.172749412518693}
2024-08-02 13:39:25,245 - ADCController - DEBUG - Channel 0 raw value: 15688, voltage: 1.961 V
2024-08-02 13:39:25,245 - ADCController - DEBUG - Channel 0 raw value: 15688, voltage: 1.961 V
2024-08-02 13:39:25,256 - TDSSensor - DEBUG - Voltage: 1.961 V, TDS: 980.53 ppm
2024-08-02 13:39:25,267 - ADCController - DEBUG - Channel 1 raw value: 67, voltage: 0.008 V
2024-08-02 13:39:25,267 - ADCController - DEBUG - Channel 1 raw value: 67, voltage: 0.008 V
2024-08-02 13:39:25,270 - TurbiditySensor - DEBUG - Voltage: 0.008 V, Turbidity: 0.04 NTU
2024-08-02 13:39:25,273 - BoatController - INFO - Sensor data: {"distance_1": 288.5973381809601, "distance_2": 49.16940338684475, "tds": 980.5299233985413, "turbidity": 0.04187627796258431}
2024-08-02 13:39:25,277 - server.websockets.connection - INFO - Sent sensor data: {"distance_1": 288.5973381809601, "distance_2": 49.16940338684475, "tds": 980.5299233985413, "turbidity": 0.04187627796258431}
2024-08-02 13:39:27,284 - ADCController - DEBUG - Channel 0 raw value: 16409, voltage: 2.051 V
2024-08-02 13:39:27,284 - ADCController - DEBUG - Channel 0 raw value: 16409, voltage: 2.051 V
2024-08-02 13:39:27,288 - TDSSensor - DEBUG - Voltage: 2.051 V, TDS: 1025.59 ppm
2024-08-02 13:39:27,293 - ADCController - DEBUG - Channel 1 raw value: 16175, voltage: 2.022 V
2024-08-02 13:39:27,293 - ADCController - DEBUG - Channel 1 raw value: 16175, voltage: 2.022 V
2024-08-02 13:39:27,298 - TurbiditySensor - DEBUG - Voltage: 2.022 V, Turbidity: 10.11 NTU
2024-08-02 13:39:27,300 - BoatController - INFO - Sensor data: {"distance_1": 288.20809850425405, "distance_2": 46.1178048242186, "tds": 1025.5937986388744, "turbidity": 10.109683523056734}
2024-08-02 13:39:27,304 - server.websockets.connection - INFO - Sent sensor data: {"distance_1": 288.20809850425405, "distance_2": 46.1178048242186, "tds": 1025.5937986388744, "turbidity": 10.109683523056734}
2024-08-02 13:39:28,085 - server.websockets.connection - INFO - Received message: SERVO:138
2024-08-02 13:39:28,191 - ServoController - INFO - Set angle to 138 degrees (pulse width: 2033.3333333333335 microseconds)
2024-08-02 13:39:28,193 - server.websockets.connection - INFO - Set servo angle to 138
2024-08-02 13:39:29,314 - ADCController - DEBUG - Channel 0 raw value: 12895, voltage: 1.612 V
2024-08-02 13:39:29,314 - ADCController - DEBUG - Channel 0 raw value: 12895, voltage: 1.612 V
2024-08-02 13:39:29,316 - TDSSensor - DEBUG - Voltage: 1.612 V, TDS: 805.96 ppm
2024-08-02 13:39:29,319 - ADCController - DEBUG - Channel 1 raw value: 12941, voltage: 1.618 V
2024-08-02 13:39:29,319 - ADCController - DEBUG - Channel 1 raw value: 12941, voltage: 1.618 V
2024-08-02 13:39:29,322 - TurbiditySensor - DEBUG - Voltage: 1.618 V, Turbidity: 8.09 NTU
2024-08-02 13:39:29,324 - BoatController - INFO - Sensor data: {"distance_1": 65.88357377416818, "distance_2": 53.741781054423456, "tds": 805.9620960112308, "turbidity": 8.088371837519455}
2024-08-02 13:39:29,327 - server.websockets.connection - INFO - Sent sensor data: {"distance_1": 65.88357377416818, "distance_2": 53.741781054423456, "tds": 805.9620960112308, "turbidity": 8.088371837519455}
2024-08-02 13:39:31,335 - ADCController - DEBUG - Channel 0 raw value: 14617, voltage: 1.827 V
2024-08-02 13:39:31,335 - ADCController - DEBUG - Channel 0 raw value: 14617, voltage: 1.827 V
2024-08-02 13:39:31,339 - TDSSensor - DEBUG - Voltage: 1.827 V, TDS: 913.59 ppm
2024-08-02 13:39:31,346 - ADCController - DEBUG - Channel 1 raw value: 14410, voltage: 1.801 V
2024-08-02 13:39:31,346 - ADCController - DEBUG - Channel 1 raw value: 14410, voltage: 1.801 V
2024-08-02 13:39:31,350 - TurbiditySensor - DEBUG - Voltage: 1.801 V, Turbidity: 9.01 NTU
2024-08-02 13:39:31,351 - BoatController - INFO - Sensor data: {"distance_1": 58.65544497603318, "distance_2": 55.76646583814281, "tds": 913.5903805658132, "turbidity": 9.006524857325967}
2024-08-02 13:39:31,358 - server.websockets.connection - INFO - Sent sensor data: {"distance_1": 58.65544497603318, "distance_2": 55.76646583814281, "tds": 913.5903805658132, "turbidity": 9.006524857325967}
2024-08-02 13:39:31,986 - server.websockets.connection - INFO - Received message: SERVO:61
2024-08-02 13:39:32,092 - ServoController - INFO - Set angle to 61 degrees (pulse width: 1177.7777777777778 microseconds)
2024-08-02 13:39:32,094 - server.websockets.connection - INFO - Set servo angle to 61
2024-08-02 13:39:33,364 - ADCController - DEBUG - Channel 0 raw value: 14493, voltage: 1.812 V
2024-08-02 13:39:33,364 - ADCController - DEBUG - Channel 0 raw value: 14493, voltage: 1.812 V
2024-08-02 13:39:33,369 - TDSSensor - DEBUG - Voltage: 1.812 V, TDS: 905.84 ppm
2024-08-02 13:39:33,375 - ADCController - DEBUG - Channel 1 raw value: 14266, voltage: 1.783 V
2024-08-02 13:39:33,375 - ADCController - DEBUG - Channel 1 raw value: 14266, voltage: 1.783 V
2024-08-02 13:39:33,382 - TurbiditySensor - DEBUG - Voltage: 1.783 V, Turbidity: 8.92 NTU
2024-08-02 13:39:33,389 - BoatController - INFO - Sensor data: {"distance_1": 59.88071154582747, "distance_2": 50.24833821933628, "tds": 905.8401440473648, "turbidity": 8.916522110660116}
2024-08-02 13:39:33,393 - server.websockets.connection - INFO - Sent sensor data: {"distance_1": 59.88071154582747, "distance_2": 50.24833821933628, "tds": 905.8401440473648, "turbidity": 8.916522110660116}
2024-08-02 13:39:34,714 - server.websockets.connection - INFO - Received message: SERVO:82
2024-08-02 13:39:34,819 - ServoController - INFO - Set angle to 82 degrees (pulse width: 1411.111111111111 microseconds)
2024-08-02 13:39:34,820 - server.websockets.connection - INFO - Set servo angle to 82
2024-08-02 13:39:35,400 - ADCController - DEBUG - Channel 0 raw value: 14420, voltage: 1.803 V
2024-08-02 13:39:35,400 - ADCController - DEBUG - Channel 0 raw value: 14420, voltage: 1.803 V
2024-08-02 13:39:35,402 - TDSSensor - DEBUG - Voltage: 1.803 V, TDS: 901.28 ppm
2024-08-02 13:39:35,409 - ADCController - DEBUG - Channel 1 raw value: 13617, voltage: 1.702 V
2024-08-02 13:39:35,409 - ADCController - DEBUG - Channel 1 raw value: 13617, voltage: 1.702 V
2024-08-02 13:39:35,414 - TurbiditySensor - DEBUG - Voltage: 1.702 V, Turbidity: 8.51 NTU
2024-08-02 13:39:35,417 - BoatController - INFO - Sensor data: {"distance_1": 57.288720960119946, "distance_2": 49.32193096796502, "tds": 901.2775048066652, "turbidity": 8.510884731589709}
2024-08-02 13:39:35,422 - server.websockets.connection - INFO - Sent sensor data: {"distance_1": 57.288720960119946, "distance_2": 49.32193096796502, "tds": 901.2775048066652, "turbidity": 8.510884731589709}
2024-08-02 13:39:37,429 - ADCController - DEBUG - Channel 0 raw value: 14270, voltage: 1.784 V
2024-08-02 13:39:37,429 - ADCController - DEBUG - Channel 0 raw value: 14270, voltage: 1.784 V
2024-08-02 13:39:37,432 - TDSSensor - DEBUG - Voltage: 1.784 V, TDS: 891.90 ppm
2024-08-02 13:39:37,443 - ADCController - DEBUG - Channel 1 raw value: 14568, voltage: 1.821 V
2024-08-02 13:39:37,443 - ADCController - DEBUG - Channel 1 raw value: 14568, voltage: 1.821 V
2024-08-02 13:39:37,446 - TurbiditySensor - DEBUG - Voltage: 1.821 V, Turbidity: 9.11 NTU
2024-08-02 13:39:37,448 - BoatController - INFO - Sensor data: {"distance_1": 56.04924342588154, "distance_2": 52.98849698392532, "tds": 891.9022186956389, "turbidity": 9.105277871028779}
2024-08-02 13:39:37,450 - server.websockets.connection - INFO - Sent sensor data: {"distance_1": 56.04924342588154, "distance_2": 52.98849698392532, "tds": 891.9022186956389, "turbidity": 9.105277871028779}
2024-08-02 13:39:39,455 - ADCController - DEBUG - Channel 0 raw value: 14412, voltage: 1.802 V
2024-08-02 13:39:39,455 - ADCController - DEBUG - Channel 0 raw value: 14412, voltage: 1.802 V
2024-08-02 13:39:39,457 - TDSSensor - DEBUG - Voltage: 1.802 V, TDS: 900.78 ppm
2024-08-02 13:39:39,465 - ADCController - DEBUG - Channel 1 raw value: 15118, voltage: 1.890 V
2024-08-02 13:39:39,465 - ADCController - DEBUG - Channel 1 raw value: 15118, voltage: 1.890 V
2024-08-02 13:39:39,470 - TurbiditySensor - DEBUG - Voltage: 1.890 V, Turbidity: 9.45 NTU
2024-08-02 13:39:39,472 - BoatController - INFO - Sensor data: {"distance_1": 58.17127674633852, "distance_2": 47.67237787488196, "tds": 900.7774895474106, "turbidity": 9.449038361766412}
2024-08-02 13:39:39,488 - server.websockets.connection - INFO - Sent sensor data: {"distance_1": 58.17127674633852, "distance_2": 47.67237787488196, "tds": 900.7774895474106, "turbidity": 9.449038361766412}
2024-08-02 13:39:39,962 - server.websockets.connection - INFO - Received message: SERVO:165
2024-08-02 13:39:40,066 - ServoController - INFO - Set angle to 165 degrees (pulse width: 2333.333333333333 microseconds)
2024-08-02 13:39:40,070 - server.websockets.connection - INFO - Set servo angle to 165
2024-08-02 13:39:41,494 - ADCController - DEBUG - Channel 0 raw value: 16237, voltage: 2.030 V
2024-08-02 13:39:41,494 - ADCController - DEBUG - Channel 0 raw value: 16237, voltage: 2.030 V
2024-08-02 13:39:41,496 - TDSSensor - DEBUG - Voltage: 2.030 V, TDS: 1014.84 ppm
2024-08-02 13:39:41,500 - ADCController - DEBUG - Channel 1 raw value: 15941, voltage: 1.993 V
2024-08-02 13:39:41,500 - ADCController - DEBUG - Channel 1 raw value: 15941, voltage: 1.993 V
2024-08-02 13:39:41,504 - TurbiditySensor - DEBUG - Voltage: 1.993 V, Turbidity: 9.96 NTU
2024-08-02 13:39:41,506 - BoatController - INFO - Sensor data: {"distance_1": 108.44680115699738, "distance_2": 48.39595279193412, "tds": 1014.8434705648976, "turbidity": 9.963429059724723}
2024-08-02 13:39:41,509 - server.websockets.connection - INFO - Sent sensor data: {"distance_1": 108.44680115699738, "distance_2": 48.39595279193412, "tds": 1014.8434705648976, "turbidity": 9.963429059724723}
2024-08-02 13:39:42,010 - server.websockets.connection - INFO - Received message: SERVO:19
2024-08-02 13:39:42,113 - ServoController - INFO - Set angle to 19 degrees (pulse width: 711.1111111111111 microseconds)
2024-08-02 13:39:42,116 - server.websockets.connection - INFO - Set servo angle to 19
2024-08-02 13:39:43,516 - ADCController - DEBUG - Channel 0 raw value: 14610, voltage: 1.826 V
2024-08-02 13:39:43,516 - ADCController - DEBUG - Channel 0 raw value: 14610, voltage: 1.826 V
2024-08-02 13:39:43,521 - TDSSensor - DEBUG - Voltage: 1.826 V, TDS: 913.15 ppm
2024-08-02 13:39:43,526 - ADCController - DEBUG - Channel 1 raw value: 786, voltage: 0.098 V
2024-08-02 13:39:43,526 - ADCController - DEBUG - Channel 1 raw value: 786, voltage: 0.098 V
2024-08-02 13:39:43,531 - TurbiditySensor - DEBUG - Voltage: 0.098 V, Turbidity: 0.49 NTU
2024-08-02 13:39:43,533 - BoatController - INFO - Sensor data: {"distance_1": 58.72097331021114, "distance_2": 51.7755534480531, "tds": 913.1528672139652, "turbidity": 0.4912649922177801}
2024-08-02 13:39:43,536 - server.websockets.connection - INFO - Sent sensor data: {"distance_1": 58.72097331021114, "distance_2": 51.7755534480531, "tds": 913.1528672139652, "turbidity": 0.4912649922177801}
2024-08-02 13:39:45,543 - ADCController - DEBUG - Channel 0 raw value: 15308, voltage: 1.914 V
2024-08-02 13:39:45,543 - ADCController - DEBUG - Channel 0 raw value: 15308, voltage: 1.914 V
2024-08-02 13:39:45,552 - TDSSensor - DEBUG - Voltage: 1.914 V, TDS: 956.78 ppm
2024-08-02 13:39:45,559 - ADCController - DEBUG - Channel 1 raw value: 1008, voltage: 0.126 V
2024-08-02 13:39:45,559 - ADCController - DEBUG - Channel 1 raw value: 1008, voltage: 0.126 V
2024-08-02 13:39:45,562 - TurbiditySensor - DEBUG - Voltage: 0.126 V, Turbidity: 0.63 NTU
2024-08-02 13:39:45,564 - BoatController - INFO - Sensor data: {"distance_1": 56.965524507024725, "distance_2": 51.39753837317823, "tds": 956.7791985839411, "turbidity": 0.6300192266609699}
2024-08-02 13:39:45,567 - server.websockets.connection - INFO - Sent sensor data: {"distance_1": 56.965524507024725, "distance_2": 51.39753837317823, "tds": 956.7791985839411, "turbidity": 0.6300192266609699}
2024-08-02 13:39:47,571 - ADCController - DEBUG - Channel 0 raw value: 14453, voltage: 1.807 V
2024-08-02 13:39:47,571 - ADCController - DEBUG - Channel 0 raw value: 14453, voltage: 1.807 V
2024-08-02 13:39:47,573 - TDSSensor - DEBUG - Voltage: 1.807 V, TDS: 903.34 ppm
2024-08-02 13:39:47,579 - ADCController - DEBUG - Channel 1 raw value: 14207, voltage: 1.776 V
2024-08-02 13:39:47,579 - ADCController - DEBUG - Channel 1 raw value: 14207, voltage: 1.776 V
2024-08-02 13:39:47,585 - TurbiditySensor - DEBUG - Voltage: 1.776 V, Turbidity: 8.88 NTU
2024-08-02 13:39:47,587 - BoatController - INFO - Sensor data: {"distance_1": 104.87276087407078, "distance_2": 46.554277076930276, "tds": 903.340067751091, "turbidity": 8.879645985290079}
2024-08-02 13:39:47,591 - server.websockets.connection - INFO - Sent sensor data: {"distance_1": 104.87276087407078, "distance_2": 46.554277076930276, "tds": 903.340067751091, "turbidity": 8.879645985290079}
2024-08-02 13:39:48,047 - server.websockets.connection - INFO - Received message: SERVO:68
2024-08-02 13:39:48,149 - ServoController - INFO - Set angle to 68 degrees (pulse width: 1255.5555555555557 microseconds)
2024-08-02 13:39:48,150 - server.websockets.connection - INFO - Set servo angle to 68
2024-08-02 13:39:49,598 - ADCController - DEBUG - Channel 0 raw value: 16761, voltage: 2.095 V
2024-08-02 13:39:49,598 - ADCController - DEBUG - Channel 0 raw value: 16761, voltage: 2.095 V
2024-08-02 13:39:49,601 - TDSSensor - DEBUG - Voltage: 2.095 V, TDS: 1047.59 ppm
2024-08-02 13:39:49,608 - ADCController - DEBUG - Channel 1 raw value: 16425, voltage: 2.053 V
2024-08-02 13:39:49,608 - ADCController - DEBUG - Channel 1 raw value: 16425, voltage: 2.053 V
2024-08-02 13:39:49,615 - TurbiditySensor - DEBUG - Voltage: 2.053 V, Turbidity: 10.27 NTU
2024-08-02 13:39:49,620 - BoatController - INFO - Sensor data: {"distance_1": 99.50300738991893, "distance_2": 47.33143488014764, "tds": 1047.594470046083, "turbidity": 10.265938291573839}
2024-08-02 13:39:49,627 - server.websockets.connection - INFO - Sent sensor data: {"distance_1": 99.50300738991893, "distance_2": 47.33143488014764, "tds": 1047.594470046083, "turbidity": 10.265938291573839}
2024-08-02 13:39:51,639 - ADCController - DEBUG - Channel 0 raw value: 14343, voltage: 1.793 V
2024-08-02 13:39:51,639 - ADCController - DEBUG - Channel 0 raw value: 14343, voltage: 1.793 V
2024-08-02 13:39:51,642 - TDSSensor - DEBUG - Voltage: 1.793 V, TDS: 896.46 ppm
2024-08-02 13:39:51,648 - ADCController - DEBUG - Channel 1 raw value: 13917, voltage: 1.740 V
2024-08-02 13:39:51,648 - ADCController - DEBUG - Channel 1 raw value: 13917, voltage: 1.740 V
2024-08-02 13:39:51,651 - TurbiditySensor - DEBUG - Voltage: 1.740 V, Turbidity: 8.70 NTU
2024-08-02 13:39:51,657 - BoatController - INFO - Sensor data: {"distance_1": 96.68470548638865, "distance_2": 47.10726893707556, "tds": 896.4648579363384, "turbidity": 8.698390453810237}
2024-08-02 13:39:51,668 - server.websockets.connection - INFO - Sent sensor data: {"distance_1": 96.68470548638865, "distance_2": 47.10726893707556, "tds": 896.4648579363384, "turbidity": 8.698390453810237}
2024-08-02 13:39:53,675 - ADCController - DEBUG - Channel 0 raw value: 14681, voltage: 1.835 V
2024-08-02 13:39:53,675 - ADCController - DEBUG - Channel 0 raw value: 14681, voltage: 1.835 V
2024-08-02 13:39:53,677 - TDSSensor - DEBUG - Voltage: 1.835 V, TDS: 917.59 ppm
2024-08-02 13:39:53,683 - ADCController - DEBUG - Channel 1 raw value: 15037, voltage: 1.880 V
2024-08-02 13:39:53,683 - ADCController - DEBUG - Channel 1 raw value: 15037, voltage: 1.880 V
2024-08-02 13:39:53,685 - TurbiditySensor - DEBUG - Voltage: 1.880 V, Turbidity: 9.40 NTU
2024-08-02 13:39:53,688 - BoatController - INFO - Sensor data: {"distance_1": 121.98758433288607, "distance_2": 48.92682154489526, "tds": 917.5905026398511, "turbidity": 9.39841181676687}
2024-08-02 13:39:53,691 - server.websockets.connection - INFO - Sent sensor data: {"distance_1": 121.98758433288607, "distance_2": 48.92682154489526, "tds": 917.5905026398511, "turbidity": 9.39841181676687}
2024-08-02 13:39:55,696 - ADCController - DEBUG - Channel 0 raw value: 16478, voltage: 2.060 V
2024-08-02 13:39:55,696 - ADCController - DEBUG - Channel 0 raw value: 16478, voltage: 2.060 V
2024-08-02 13:39:55,698 - TDSSensor - DEBUG - Voltage: 2.060 V, TDS: 1029.91 ppm
2024-08-02 13:39:55,705 - ADCController - DEBUG - Channel 1 raw value: 15296, voltage: 1.912 V
2024-08-02 13:39:55,705 - ADCController - DEBUG - Channel 1 raw value: 15296, voltage: 1.912 V
2024-08-02 13:39:55,708 - TurbiditySensor - DEBUG - Voltage: 1.912 V, Turbidity: 9.56 NTU
2024-08-02 13:39:55,711 - BoatController - INFO - Sensor data: {"distance_1": 87.90629438709166, "distance_2": 55.44443646890025, "tds": 1029.9064302499469, "turbidity": 9.56029175695059}
2024-08-02 13:39:55,713 - server.websockets.connection - INFO - Sent sensor data: {"distance_1": 87.90629438709166, "distance_2": 55.44443646890025, "tds": 1029.9064302499469, "turbidity": 9.56029175695059}
2024-08-02 13:39:57,721 - ADCController - DEBUG - Channel 0 raw value: 14779, voltage: 1.847 V
2024-08-02 13:39:57,721 - ADCController - DEBUG - Channel 0 raw value: 14779, voltage: 1.847 V
2024-08-02 13:39:57,726 - TDSSensor - DEBUG - Voltage: 1.847 V, TDS: 923.72 ppm
2024-08-02 13:39:57,732 - ADCController - DEBUG - Channel 1 raw value: 14785, voltage: 1.848 V
2024-08-02 13:39:57,732 - ADCController - DEBUG - Channel 1 raw value: 14785, voltage: 1.848 V
2024-08-02 13:39:57,735 - TurbiditySensor - DEBUG - Voltage: 1.848 V, Turbidity: 9.24 NTU
2024-08-02 13:39:57,737 - BoatController - INFO - Sensor data: {"distance_1": 101.45469793536697, "distance_2": 56.423619945187056, "tds": 923.7156895657216, "turbidity": 9.240907010101626}
2024-08-02 13:39:57,740 - server.websockets.connection - INFO - Sent sensor data: {"distance_1": 101.45469793536697, "distance_2": 56.423619945187056, "tds": 923.7156895657216, "turbidity": 9.240907010101626}
2024-08-02 13:39:59,748 - ADCController - DEBUG - Channel 0 raw value: 16416, voltage: 2.052 V
2024-08-02 13:39:59,748 - ADCController - DEBUG - Channel 0 raw value: 16416, voltage: 2.052 V
2024-08-02 13:39:59,750 - TDSSensor - DEBUG - Voltage: 2.052 V, TDS: 1026.03 ppm
2024-08-02 13:39:59,756 - ADCController - DEBUG - Channel 1 raw value: 16168, voltage: 2.021 V
2024-08-02 13:39:59,756 - ADCController - DEBUG - Channel 1 raw value: 16168, voltage: 2.021 V
2024-08-02 13:39:59,762 - TurbiditySensor - DEBUG - Voltage: 2.021 V, Turbidity: 10.11 NTU
2024-08-02 13:39:59,765 - BoatController - INFO - Sensor data: {"distance_1": 58.17434892304394, "distance_2": 53.11593225904261, "tds": 1026.0313119907225, "turbidity": 10.105308389538255}
2024-08-02 13:39:59,769 - server.websockets.connection - INFO - Sent sensor data: {"distance_1": 58.17434892304394, "distance_2": 53.11593225904261, "tds": 1026.0313119907225, "turbidity": 10.105308389538255}
2024-08-02 13:40:00,546 - server.websockets.connection - INFO - Received message: SERVO:122
2024-08-02 13:40:00,651 - ServoController - INFO - Set angle to 122 degrees (pulse width: 1855.5555555555557 microseconds)
2024-08-02 13:40:00,653 - server.websockets.connection - INFO - Set servo angle to 122
2024-08-02 13:40:01,777 - ADCController - DEBUG - Channel 0 raw value: 14981, voltage: 1.873 V
2024-08-02 13:40:01,777 - ADCController - DEBUG - Channel 0 raw value: 14981, voltage: 1.873 V
2024-08-02 13:40:01,782 - TDSSensor - DEBUG - Voltage: 1.873 V, TDS: 936.34 ppm
2024-08-02 13:40:01,791 - ADCController - DEBUG - Channel 1 raw value: 15343, voltage: 1.918 V
2024-08-02 13:40:01,791 - ADCController - DEBUG - Channel 1 raw value: 15343, voltage: 1.918 V
2024-08-02 13:40:01,795 - TurbiditySensor - DEBUG - Voltage: 1.918 V, Turbidity: 9.59 NTU
2024-08-02 13:40:01,796 - BoatController - INFO - Sensor data: {"distance_1": 71.47594853114236, "distance_2": 49.644612530651784, "tds": 936.3410748619037, "turbidity": 9.589667653431807}
2024-08-02 13:40:01,799 - server.websockets.connection - INFO - Sent sensor data: {"distance_1": 71.47594853114236, "distance_2": 49.644612530651784, "tds": 936.3410748619037, "turbidity": 9.589667653431807}
2024-08-02 13:40:03,123 - server.websockets.connection - INFO - Received message: LEFT
2024-08-02 13:40:04,126 - server.websockets.connection - INFO - Motor turning left
2024-08-02 13:40:04,133 - ADCController - DEBUG - Channel 0 raw value: 15423, voltage: 1.928 V
2024-08-02 13:40:04,133 - ADCController - DEBUG - Channel 0 raw value: 15423, voltage: 1.928 V
2024-08-02 13:40:04,136 - TDSSensor - DEBUG - Voltage: 1.928 V, TDS: 963.97 ppm
2024-08-02 13:40:04,142 - ADCController - DEBUG - Channel 1 raw value: 15553, voltage: 1.944 V
2024-08-02 13:40:04,142 - ADCController - DEBUG - Channel 1 raw value: 15553, voltage: 1.944 V
2024-08-02 13:40:04,151 - TurbiditySensor - DEBUG - Voltage: 1.944 V, Turbidity: 9.72 NTU
2024-08-02 13:40:04,154 - BoatController - INFO - Sensor data: {"distance_1": 54.96158978988811, "distance_2": 50.13650411110743, "tds": 963.966917935728, "turbidity": 9.720921658986176}
2024-08-02 13:40:04,158 - server.websockets.connection - INFO - Sent sensor data: {"distance_1": 54.96158978988811, "distance_2": 50.13650411110743, "tds": 963.966917935728, "turbidity": 9.720921658986176}
2024-08-02 13:40:05,707 - server.websockets.connection - INFO - Received message: RIGHT
2024-08-02 13:40:06,714 - server.websockets.connection - INFO - Motor turning right
2024-08-02 13:40:06,724 - ADCController - DEBUG - Channel 0 raw value: 17855, voltage: 2.232 V
2024-08-02 13:40:06,724 - ADCController - DEBUG - Channel 0 raw value: 17855, voltage: 2.232 V
2024-08-02 13:40:06,730 - TDSSensor - DEBUG - Voltage: 2.232 V, TDS: 1115.97 ppm
2024-08-02 13:40:06,740 - ADCController - DEBUG - Channel 1 raw value: 63, voltage: 0.008 V
2024-08-02 13:40:06,740 - ADCController - DEBUG - Channel 1 raw value: 63, voltage: 0.008 V
2024-08-02 13:40:06,750 - TurbiditySensor - DEBUG - Voltage: 0.008 V, Turbidity: 0.04 NTU
2024-08-02 13:40:06,754 - BoatController - INFO - Sensor data: {"distance_1": 57.77093260753077, "distance_2": 49.485871944358905, "tds": 1115.9715567491683, "turbidity": 0.03937620166631062}
2024-08-02 13:40:06,758 - server.websockets.connection - INFO - Sent sensor data: {"distance_1": 57.77093260753077, "distance_2": 49.485871944358905, "tds": 1115.9715567491683, "turbidity": 0.03937620166631062}
2024-08-02 13:40:08,561 - server.websockets.connection - INFO - Received message: BACKWARD
2024-08-02 13:40:09,568 - server.websockets.connection - INFO - Motor moving backward
2024-08-02 13:40:09,576 - ADCController - DEBUG - Channel 0 raw value: 15796, voltage: 1.975 V
2024-08-02 13:40:09,576 - ADCController - DEBUG - Channel 0 raw value: 15796, voltage: 1.975 V
2024-08-02 13:40:09,582 - TDSSensor - DEBUG - Voltage: 1.975 V, TDS: 987.28 ppm
2024-08-02 13:40:09,589 - ADCController - DEBUG - Channel 1 raw value: 1284, voltage: 0.161 V
2024-08-02 13:40:09,589 - ADCController - DEBUG - Channel 1 raw value: 1284, voltage: 0.161 V
2024-08-02 13:40:09,596 - TurbiditySensor - DEBUG - Voltage: 0.161 V, Turbidity: 0.80 NTU
2024-08-02 13:40:09,600 - BoatController - INFO - Sensor data: {"distance_1": 82.24736151609821, "distance_2": 50.311292102935404, "tds": 987.2801293984802, "turbidity": 0.8025244911038545}
2024-08-02 13:40:09,604 - server.websockets.connection - INFO - Sent sensor data: {"distance_1": 82.24736151609821, "distance_2": 50.311292102935404, "tds": 987.2801293984802, "turbidity": 0.8025244911038545}
2024-08-02 13:40:10,490 - server.websockets.connection - INFO - Received message: STOP
2024-08-02 13:40:10,492 - server.websockets.connection - INFO - Motor stopped
2024-08-02 13:40:11,407 - server.websockets.connection - INFO - Received message: FORWARD
2024-08-02 13:40:12,411 - server.websockets.connection - INFO - Motor moving forward
2024-08-02 13:40:12,419 - ADCController - DEBUG - Channel 0 raw value: 15529, voltage: 1.941 V
2024-08-02 13:40:12,419 - ADCController - DEBUG - Channel 0 raw value: 15529, voltage: 1.941 V
2024-08-02 13:40:12,426 - TDSSensor - DEBUG - Voltage: 1.941 V, TDS: 970.59 ppm
2024-08-02 13:40:12,433 - ADCController - DEBUG - Channel 1 raw value: 16379, voltage: 2.047 V
2024-08-02 13:40:12,433 - ADCController - DEBUG - Channel 1 raw value: 16379, voltage: 2.047 V
2024-08-02 13:40:12,437 - TurbiditySensor - DEBUG - Voltage: 2.047 V, Turbidity: 10.24 NTU
2024-08-02 13:40:12,439 - BoatController - INFO - Sensor data: {"distance_1": 71.91063583219415, "distance_2": 55.379766284915235, "tds": 970.5921201208532, "turbidity": 10.237187414166693}
2024-08-02 13:40:12,443 - server.websockets.connection - INFO - Sent sensor data: {"distance_1": 71.91063583219415, "distance_2": 55.379766284915235, "tds": 970.5921201208532, "turbidity": 10.237187414166693}
2024-08-02 13:40:14,450 - ADCController - DEBUG - Channel 0 raw value: 17934, voltage: 2.242 V
2024-08-02 13:40:14,450 - ADCController - DEBUG - Channel 0 raw value: 17934, voltage: 2.242 V
2024-08-02 13:40:14,452 - TDSSensor - DEBUG - Voltage: 2.242 V, TDS: 1120.91 ppm
2024-08-02 13:40:14,456 - ADCController - DEBUG - Channel 1 raw value: 17477, voltage: 2.185 V
2024-08-02 13:40:14,456 - ADCController - DEBUG - Channel 1 raw value: 17477, voltage: 2.185 V
2024-08-02 13:40:14,458 - TurbiditySensor - DEBUG - Voltage: 2.185 V, Turbidity: 10.92 NTU
2024-08-02 13:40:14,460 - BoatController - INFO - Sensor data: {"distance_1": 102.39432069600242, "distance_2": 49.09124308508501, "tds": 1120.9092074343089, "turbidity": 10.923458357493821}
2024-08-02 13:40:14,463 - server.websockets.connection - INFO - Sent sensor data: {"distance_1": 102.39432069600242, "distance_2": 49.09124308508501, "tds": 1120.9092074343089, "turbidity": 10.923458357493821}
2024-08-02 13:40:16,470 - ADCController - DEBUG - Channel 0 raw value: 15082, voltage: 1.885 V
2024-08-02 13:40:16,470 - ADCController - DEBUG - Channel 0 raw value: 15082, voltage: 1.885 V
2024-08-02 13:40:16,472 - TDSSensor - DEBUG - Voltage: 1.885 V, TDS: 942.65 ppm
2024-08-02 13:40:16,476 - ADCController - DEBUG - Channel 1 raw value: 15475, voltage: 1.934 V
2024-08-02 13:40:16,476 - ADCController - DEBUG - Channel 1 raw value: 15475, voltage: 1.934 V
2024-08-02 13:40:16,484 - TurbiditySensor - DEBUG - Voltage: 1.934 V, Turbidity: 9.67 NTU
2024-08-02 13:40:16,487 - BoatController - INFO - Sensor data: {"distance_1": 273.1016378160881, "distance_2": 48.86869046402447, "tds": 942.6537675099949, "turbidity": 9.672170171208839}
2024-08-02 13:40:16,491 - server.websockets.connection - INFO - Sent sensor data: {"distance_1": 273.1016378160881, "distance_2": 48.86869046402447, "tds": 942.6537675099949, "turbidity": 9.672170171208839}
2024-08-02 13:40:17,586 - server.websockets.connection - INFO - Received message: LEFT
2024-08-02 13:40:18,596 - server.websockets.connection - INFO - Motor turning left
2024-08-02 13:40:18,604 - ADCController - DEBUG - Channel 0 raw value: 17728, voltage: 2.216 V
2024-08-02 13:40:18,604 - ADCController - DEBUG - Channel 0 raw value: 17728, voltage: 2.216 V
2024-08-02 13:40:18,608 - TDSSensor - DEBUG - Voltage: 2.216 V, TDS: 1108.03 ppm
2024-08-02 13:40:18,614 - ADCController - DEBUG - Channel 1 raw value: 17471, voltage: 2.184 V
2024-08-02 13:40:18,614 - ADCController - DEBUG - Channel 1 raw value: 17471, voltage: 2.184 V
2024-08-02 13:40:18,617 - TurbiditySensor - DEBUG - Voltage: 2.184 V, Turbidity: 10.92 NTU
2024-08-02 13:40:18,618 - BoatController - INFO - Sensor data: {"distance_1": 56.64797468072598, "distance_2": 48.367273419305064, "tds": 1108.0338145084995, "turbidity": 10.919708243049408}
2024-08-02 13:40:18,621 - server.websockets.connection - INFO - Sent sensor data: {"distance_1": 56.64797468072598, "distance_2": 48.367273419305064, "tds": 1108.0338145084995, "turbidity": 10.919708243049408}
2024-08-02 13:40:18,627 - server.websockets.connection - INFO - Received message: RIGHT
2024-08-02 13:40:19,632 - server.websockets.connection - INFO - Motor turning right
2024-08-02 13:40:20,627 - ADCController - DEBUG - Channel 0 raw value: 15215, voltage: 1.902 V
2024-08-02 13:40:20,627 - ADCController - DEBUG - Channel 0 raw value: 15215, voltage: 1.902 V
2024-08-02 13:40:20,630 - TDSSensor - DEBUG - Voltage: 1.902 V, TDS: 950.97 ppm
2024-08-02 13:40:20,635 - ADCController - DEBUG - Channel 1 raw value: 15215, voltage: 1.902 V
2024-08-02 13:40:20,635 - ADCController - DEBUG - Channel 1 raw value: 15215, voltage: 1.902 V
2024-08-02 13:40:20,638 - TurbiditySensor - DEBUG - Voltage: 1.902 V, Turbidity: 9.51 NTU
2024-08-02 13:40:20,641 - BoatController - INFO - Sensor data: {"distance_1": 94.7177570338367, "distance_2": 47.84702856318637, "tds": 950.9665211951049, "turbidity": 9.509665211951049}
2024-08-02 13:40:20,648 - server.websockets.connection - INFO - Sent sensor data: {"distance_1": 94.7177570338367, "distance_2": 47.84702856318637, "tds": 950.9665211951049, "turbidity": 9.509665211951049}
2024-08-02 13:40:21,306 - server.websockets.connection - INFO - Received message: RIGHT
2024-08-02 13:40:22,311 - server.websockets.connection - INFO - Motor turning right
2024-08-02 13:40:22,657 - ADCController - DEBUG - Channel 0 raw value: 17891, voltage: 2.236 V
2024-08-02 13:40:22,657 - ADCController - DEBUG - Channel 0 raw value: 17891, voltage: 2.236 V
2024-08-02 13:40:22,665 - TDSSensor - DEBUG - Voltage: 2.236 V, TDS: 1118.22 ppm
2024-08-02 13:40:22,671 - ADCController - DEBUG - Channel 1 raw value: 725, voltage: 0.091 V
2024-08-02 13:40:22,671 - ADCController - DEBUG - Channel 1 raw value: 725, voltage: 0.091 V
2024-08-02 13:40:22,675 - TurbiditySensor - DEBUG - Voltage: 0.091 V, Turbidity: 0.45 NTU
2024-08-02 13:40:22,679 - BoatController - INFO - Sensor data: {"distance_1": 85.47958349079124, "distance_2": 54.937870523998726, "tds": 1118.2216254158147, "turbidity": 0.4531388286996063}
2024-08-02 13:40:22,688 - server.websockets.connection - INFO - Sent sensor data: {"distance_1": 85.47958349079124, "distance_2": 54.937870523998726, "tds": 1118.2216254158147, "turbidity": 0.4531388286996063}
2024-08-02 13:40:24,693 - ADCController - DEBUG - Channel 0 raw value: 16781, voltage: 2.098 V
2024-08-02 13:40:24,693 - ADCController - DEBUG - Channel 0 raw value: 16781, voltage: 2.098 V
2024-08-02 13:40:24,698 - TDSSensor - DEBUG - Voltage: 2.098 V, TDS: 1048.84 ppm
2024-08-02 13:40:24,704 - ADCController - DEBUG - Channel 1 raw value: 17109, voltage: 2.139 V
2024-08-02 13:40:24,704 - ADCController - DEBUG - Channel 1 raw value: 17109, voltage: 2.139 V
2024-08-02 13:40:24,709 - TurbiditySensor - DEBUG - Voltage: 2.139 V, Turbidity: 10.69 NTU
2024-08-02 13:40:24,710 - BoatController - INFO - Sensor data: {"distance_1": 57.93125219068599, "distance_2": 56.52848587544912, "tds": 1048.8445081942198, "turbidity": 10.693451338236642}
2024-08-02 13:40:24,713 - server.websockets.connection - INFO - Sent sensor data: {"distance_1": 57.93125219068599, "distance_2": 56.52848587544912, "tds": 1048.8445081942198, "turbidity": 10.693451338236642}
2024-08-02 13:40:26,719 - ADCController - DEBUG - Channel 0 raw value: 17145, voltage: 2.143 V
2024-08-02 13:40:26,719 - ADCController - DEBUG - Channel 0 raw value: 17145, voltage: 2.143 V
2024-08-02 13:40:26,720 - TDSSensor - DEBUG - Voltage: 2.143 V, TDS: 1071.60 ppm
2024-08-02 13:40:26,724 - ADCController - DEBUG - Channel 1 raw value: 17145, voltage: 2.143 V
2024-08-02 13:40:26,724 - ADCController - DEBUG - Channel 1 raw value: 17145, voltage: 2.143 V
2024-08-02 13:40:26,728 - TurbiditySensor - DEBUG - Voltage: 2.143 V, Turbidity: 10.72 NTU
2024-08-02 13:40:26,729 - BoatController - INFO - Sensor data: {"distance_1": 252.16984897261221, "distance_2": 47.48966057700767, "tds": 1071.5952024903104, "turbidity": 10.715952024903103}
2024-08-02 13:40:26,732 - server.websockets.connection - INFO - Sent sensor data: {"distance_1": 252.16984897261221, "distance_2": 47.48966057700767, "tds": 1071.5952024903104, "turbidity": 10.715952024903103}
2024-08-02 13:40:28,736 - ADCController - DEBUG - Channel 0 raw value: 17229, voltage: 2.154 V
2024-08-02 13:40:28,736 - ADCController - DEBUG - Channel 0 raw value: 17229, voltage: 2.154 V
2024-08-02 13:40:28,742 - TDSSensor - DEBUG - Voltage: 2.154 V, TDS: 1076.85 ppm
2024-08-02 13:40:28,747 - ADCController - DEBUG - Channel 1 raw value: 17137, voltage: 2.142 V
2024-08-02 13:40:28,747 - ADCController - DEBUG - Channel 1 raw value: 17137, voltage: 2.142 V
2024-08-02 13:40:28,753 - TurbiditySensor - DEBUG - Voltage: 2.142 V, Turbidity: 10.71 NTU
2024-08-02 13:40:28,756 - BoatController - INFO - Sensor data: {"distance_1": 251.70353026244322, "distance_2": 47.8249912710703, "tds": 1076.845362712485, "turbidity": 10.710951872310556}
2024-08-02 13:40:28,758 - server.websockets.connection - INFO - Sent sensor data: {"distance_1": 251.70353026244322, "distance_2": 47.8249912710703, "tds": 1076.845362712485, "turbidity": 10.710951872310556}
2024-08-02 13:40:30,763 - ADCController - DEBUG - Channel 0 raw value: 17476, voltage: 2.185 V
2024-08-02 13:40:30,763 - ADCController - DEBUG - Channel 0 raw value: 17476, voltage: 2.185 V
2024-08-02 13:40:30,766 - TDSSensor - DEBUG - Voltage: 2.185 V, TDS: 1092.28 ppm
2024-08-02 13:40:30,772 - ADCController - DEBUG - Channel 1 raw value: 16697, voltage: 2.087 V
2024-08-02 13:40:30,772 - ADCController - DEBUG - Channel 1 raw value: 16697, voltage: 2.087 V
2024-08-02 13:40:30,776 - TurbiditySensor - DEBUG - Voltage: 2.087 V, Turbidity: 10.44 NTU
2024-08-02 13:40:30,778 - BoatController - INFO - Sensor data: {"distance_1": 235.97559734395367, "distance_2": 48.330218502470814, "tds": 1092.283333841975, "turbidity": 10.43594347972045}
2024-08-02 13:40:30,784 - server.websockets.connection - INFO - Sent sensor data: {"distance_1": 235.97559734395367, "distance_2": 48.330218502470814, "tds": 1092.283333841975, "turbidity": 10.43594347972045}
2024-08-02 13:40:32,790 - ADCController - DEBUG - Channel 0 raw value: 17598, voltage: 2.200 V
2024-08-02 13:40:32,790 - ADCController - DEBUG - Channel 0 raw value: 17598, voltage: 2.200 V
2024-08-02 13:40:32,792 - TDSSensor - DEBUG - Voltage: 2.200 V, TDS: 1099.91 ppm
2024-08-02 13:40:32,797 - ADCController - DEBUG - Channel 1 raw value: 17461, voltage: 2.183 V
2024-08-02 13:40:32,797 - ADCController - DEBUG - Channel 1 raw value: 17461, voltage: 2.183 V
2024-08-02 13:40:32,799 - TurbiditySensor - DEBUG - Voltage: 2.183 V, Turbidity: 10.91 NTU
2024-08-02 13:40:32,802 - BoatController - INFO - Sensor data: {"distance_1": 154.03160901681048, "distance_2": 48.77552969938944, "tds": 1099.9085665456098, "turbidity": 10.913458052308727}
2024-08-02 13:40:32,806 - server.websockets.connection - INFO - Sent sensor data: {"distance_1": 154.03160901681048, "distance_2": 48.77552969938944, "tds": 1099.9085665456098, "turbidity": 10.913458052308727}
2024-08-02 13:40:33,780 - server.websockets.connection - INFO - Received message: STOP
2024-08-02 13:40:33,782 - server.websockets.connection - INFO - Motor stopped
2024-08-02 13:40:34,811 - ADCController - DEBUG - Channel 0 raw value: 16914, voltage: 2.114 V
2024-08-02 13:40:34,811 - ADCController - DEBUG - Channel 0 raw value: 16914, voltage: 2.114 V
2024-08-02 13:40:34,815 - TDSSensor - DEBUG - Voltage: 2.114 V, TDS: 1057.16 ppm
2024-08-02 13:40:34,820 - ADCController - DEBUG - Channel 1 raw value: 16914, voltage: 2.114 V
2024-08-02 13:40:34,820 - ADCController - DEBUG - Channel 1 raw value: 16914, voltage: 2.114 V
2024-08-02 13:40:34,823 - TurbiditySensor - DEBUG - Voltage: 2.114 V, Turbidity: 10.57 NTU
2024-08-02 13:40:34,826 - BoatController - INFO - Sensor data: {"distance_1": 325.41914731492216, "distance_2": 48.74966505874937, "tds": 1057.15726187933, "turbidity": 10.571572618793299}
2024-08-02 13:40:34,831 - server.websockets.connection - INFO - Sent sensor data: {"distance_1": 325.41914731492216, "distance_2": 48.74966505874937, "tds": 1057.15726187933, "turbidity": 10.571572618793299}
2024-08-02 13:40:36,839 - ADCController - DEBUG - Channel 0 raw value: 17223, voltage: 2.153 V
2024-08-02 13:40:36,839 - ADCController - DEBUG - Channel 0 raw value: 17223, voltage: 2.153 V
2024-08-02 13:40:36,841 - TDSSensor - DEBUG - Voltage: 2.153 V, TDS: 1076.47 ppm
2024-08-02 13:40:36,844 - ADCController - DEBUG - Channel 1 raw value: 17000, voltage: 2.125 V
2024-08-02 13:40:36,844 - ADCController - DEBUG - Channel 1 raw value: 17000, voltage: 2.125 V
2024-08-02 13:40:36,847 - TurbiditySensor - DEBUG - Voltage: 2.125 V, Turbidity: 10.63 NTU
2024-08-02 13:40:36,849 - BoatController - INFO - Sensor data: {"distance_1": 186.08327123447657, "distance_2": 49.54542755379879, "tds": 1076.470351268044, "turbidity": 10.625324259163182}
2024-08-02 13:40:36,853 - server.websockets.connection - INFO - Sent sensor data: {"distance_1": 186.08327123447657, "distance_2": 49.54542755379879, "tds": 1076.470351268044, "turbidity": 10.625324259163182}
2024-08-02 13:40:38,859 - ADCController - DEBUG - Channel 0 raw value: 17440, voltage: 2.180 V
2024-08-02 13:40:38,859 - ADCController - DEBUG - Channel 0 raw value: 17440, voltage: 2.180 V
2024-08-02 13:40:38,870 - TDSSensor - DEBUG - Voltage: 2.180 V, TDS: 1090.03 ppm
2024-08-02 13:40:38,873 - ADCController - DEBUG - Channel 1 raw value: 350, voltage: 0.044 V
2024-08-02 13:40:38,873 - ADCController - DEBUG - Channel 1 raw value: 350, voltage: 0.044 V
2024-08-02 13:40:38,879 - TurbiditySensor - DEBUG - Voltage: 0.044 V, Turbidity: 0.22 NTU
2024-08-02 13:40:38,884 - BoatController - INFO - Sensor data: {"distance_1": 306.03388207535824, "distance_2": 49.70998639799989, "tds": 1090.0332651753288, "turbidity": 0.2187566759239479}
2024-08-02 13:40:38,892 - server.websockets.connection - INFO - Sent sensor data: {"distance_1": 306.03388207535824, "distance_2": 49.70998639799989, "tds": 1090.0332651753288, "turbidity": 0.2187566759239479}
2024-08-02 13:40:40,900 - ADCController - DEBUG - Channel 0 raw value: 17487, voltage: 2.186 V
2024-08-02 13:40:40,900 - ADCController - DEBUG - Channel 0 raw value: 17487, voltage: 2.186 V
2024-08-02 13:40:40,905 - TDSSensor - DEBUG - Voltage: 2.186 V, TDS: 1092.97 ppm
2024-08-02 13:40:40,914 - ADCController - DEBUG - Channel 1 raw value: 339, voltage: 0.042 V
2024-08-02 13:40:40,914 - ADCController - DEBUG - Channel 1 raw value: 339, voltage: 0.042 V
2024-08-02 13:40:40,918 - TurbiditySensor - DEBUG - Voltage: 0.042 V, Turbidity: 0.21 NTU
2024-08-02 13:40:40,921 - BoatController - INFO - Sensor data: {"distance_1": 248.32228195867572, "distance_2": 50.057846082245526, "tds": 1092.9708548234505, "turbidity": 0.21188146610919525}
2024-08-02 13:40:40,925 - server.websockets.connection - INFO - Sent sensor data: {"distance_1": 248.32228195867572, "distance_2": 50.057846082245526, "tds": 1092.9708548234505, "turbidity": 0.21188146610919525}
2024-08-02 13:40:42,475 - server.websockets.connection - INFO - Received message: SERVO:74
2024-08-02 13:40:42,578 - ServoController - INFO - Set angle to 74 degrees (pulse width: 1322.2222222222222 microseconds)
2024-08-02 13:40:42,579 - server.websockets.connection - INFO - Set servo angle to 74
2024-08-02 13:40:42,931 - ADCController - DEBUG - Channel 0 raw value: 17971, voltage: 2.246 V
2024-08-02 13:40:42,931 - ADCController - DEBUG - Channel 0 raw value: 17971, voltage: 2.246 V
2024-08-02 13:40:42,934 - TDSSensor - DEBUG - Voltage: 2.246 V, TDS: 1123.22 ppm
2024-08-02 13:40:42,939 - ADCController - DEBUG - Channel 1 raw value: 17925, voltage: 2.241 V
2024-08-02 13:40:42,939 - ADCController - DEBUG - Channel 1 raw value: 17925, voltage: 2.241 V
2024-08-02 13:40:42,944 - TurbiditySensor - DEBUG - Voltage: 2.241 V, Turbidity: 11.20 NTU
2024-08-02 13:40:42,948 - BoatController - INFO - Sensor data: {"distance_1": 90.40622264074284, "distance_2": 50.544262664577445, "tds": 1123.221778008362, "turbidity": 11.203466902676473}
2024-08-02 13:40:42,950 - server.websockets.connection - INFO - Sent sensor data: {"distance_1": 90.40622264074284, "distance_2": 50.544262664577445, "tds": 1123.221778008362, "turbidity": 11.203466902676473}
2024-08-02 13:40:44,962 - ADCController - DEBUG - Channel 0 raw value: 14747, voltage: 1.843 V
2024-08-02 13:40:44,962 - ADCController - DEBUG - Channel 0 raw value: 14747, voltage: 1.843 V
2024-08-02 13:40:44,963 - TDSSensor - DEBUG - Voltage: 1.843 V, TDS: 921.72 ppm
2024-08-02 13:40:44,967 - ADCController - DEBUG - Channel 1 raw value: 15117, voltage: 1.890 V
2024-08-02 13:40:44,967 - ADCController - DEBUG - Channel 1 raw value: 15117, voltage: 1.890 V
2024-08-02 13:40:44,970 - TurbiditySensor - DEBUG - Voltage: 1.890 V, Turbidity: 9.45 NTU
2024-08-02 13:40:44,972 - BoatController - INFO - Sensor data: {"distance_1": 152.37143202590937, "distance_2": 49.465173365743844, "tds": 921.7156285287027, "turbidity": 9.448413342692344}
2024-08-02 13:40:44,975 - server.websockets.connection - INFO - Sent sensor data: {"distance_1": 152.37143202590937, "distance_2": 49.465173365743844, "tds": 921.7156285287027, "turbidity": 9.448413342692344}
2024-08-02 13:40:45,254 - server.websockets.connection - INFO - Received message: SERVO:37
2024-08-02 13:40:45,358 - ServoController - INFO - Set angle to 37 degrees (pulse width: 911.1111111111111 microseconds)
2024-08-02 13:40:45,361 - server.websockets.connection - INFO - Set servo angle to 37
2024-08-02 13:40:46,981 - ADCController - DEBUG - Channel 0 raw value: 17586, voltage: 2.198 V
2024-08-02 13:40:46,981 - ADCController - DEBUG - Channel 0 raw value: 17586, voltage: 2.198 V
2024-08-02 13:40:46,986 - TDSSensor - DEBUG - Voltage: 2.198 V, TDS: 1099.16 ppm
2024-08-02 13:40:46,992 - ADCController - DEBUG - Channel 1 raw value: 17341, voltage: 2.168 V
2024-08-02 13:40:46,992 - ADCController - DEBUG - Channel 1 raw value: 17341, voltage: 2.168 V
2024-08-02 13:40:46,996 - TurbiditySensor - DEBUG - Voltage: 2.168 V, Turbidity: 10.84 NTU
2024-08-02 13:40:46,998 - BoatController - INFO - Sensor data: {"distance_1": 258.69594241870897, "distance_2": 49.9211942755486, "tds": 1099.158543656728, "turbidity": 10.838455763420516}
2024-08-02 13:40:47,000 - server.websockets.connection - INFO - Sent sensor data: {"distance_1": 258.69594241870897, "distance_2": 49.9211942755486, "tds": 1099.158543656728, "turbidity": 10.838455763420516}
2024-08-02 13:40:49,004 - ADCController - DEBUG - Channel 0 raw value: 15054, voltage: 1.882 V
2024-08-02 13:40:49,004 - ADCController - DEBUG - Channel 0 raw value: 15054, voltage: 1.882 V
2024-08-02 13:40:49,008 - TDSSensor - DEBUG - Voltage: 1.882 V, TDS: 940.90 ppm
2024-08-02 13:40:49,014 - ADCController - DEBUG - Channel 1 raw value: 15039, voltage: 1.880 V
2024-08-02 13:40:49,014 - ADCController - DEBUG - Channel 1 raw value: 15039, voltage: 1.880 V
2024-08-02 13:40:49,021 - TurbiditySensor - DEBUG - Voltage: 1.880 V, Turbidity: 9.40 NTU
2024-08-02 13:40:49,024 - BoatController - INFO - Sensor data: {"distance_1": 197.1260999008408, "distance_2": 47.64762882866347, "tds": 940.9037141026032, "turbidity": 9.399661854915006}
2024-08-02 13:40:49,027 - server.websockets.connection - INFO - Sent sensor data: {"distance_1": 197.1260999008408, "distance_2": 47.64762882866347, "tds": 940.9037141026032, "turbidity": 9.399661854915006}
2024-08-02 13:40:51,039 - ADCController - DEBUG - Channel 0 raw value: 17609, voltage: 2.201 V
2024-08-02 13:40:51,039 - ADCController - DEBUG - Channel 0 raw value: 17609, voltage: 2.201 V
2024-08-02 13:40:51,047 - TDSSensor - DEBUG - Voltage: 2.201 V, TDS: 1100.60 ppm
2024-08-02 13:40:51,051 - ADCController - DEBUG - Channel 1 raw value: 17668, voltage: 2.209 V
2024-08-02 13:40:51,051 - ADCController - DEBUG - Channel 1 raw value: 17668, voltage: 2.209 V
2024-08-02 13:40:51,057 - TurbiditySensor - DEBUG - Voltage: 2.209 V, Turbidity: 11.04 NTU
2024-08-02 13:40:51,059 - BoatController - INFO - Sensor data: {"distance_1": 132.78364338568605, "distance_2": 49.45012141490088, "tds": 1100.5960875270853, "turbidity": 11.042837000640889}
2024-08-02 13:40:51,063 - server.websockets.connection - INFO - Sent sensor data: {"distance_1": 132.78364338568605, "distance_2": 49.45012141490088, "tds": 1100.5960875270853, "turbidity": 11.042837000640889}
2024-08-02 13:40:51,278 - server.websockets.connection - INFO - Received message: SERVO:122
2024-08-02 13:40:51,381 - ServoController - INFO - Set angle to 122 degrees (pulse width: 1855.5555555555557 microseconds)
2024-08-02 13:40:51,384 - server.websockets.connection - INFO - Set servo angle to 122
2024-08-02 13:40:53,070 - ADCController - DEBUG - Channel 0 raw value: 17534, voltage: 2.192 V
2024-08-02 13:40:53,070 - ADCController - DEBUG - Channel 0 raw value: 17534, voltage: 2.192 V
2024-08-02 13:40:53,074 - TDSSensor - DEBUG - Voltage: 2.192 V, TDS: 1095.91 ppm
2024-08-02 13:40:53,079 - ADCController - DEBUG - Channel 1 raw value: 17123, voltage: 2.140 V
2024-08-02 13:40:53,079 - ADCController - DEBUG - Channel 1 raw value: 17123, voltage: 2.140 V
2024-08-02 13:40:53,081 - TurbiditySensor - DEBUG - Voltage: 2.140 V, Turbidity: 10.70 NTU
2024-08-02 13:40:53,085 - BoatController - INFO - Sensor data: {"distance_1": 192.9528821258865, "distance_2": 50.57488145667185, "tds": 1095.9084444715718, "turbidity": 10.7022016052736}
2024-08-02 13:40:53,089 - server.websockets.connection - INFO - Sent sensor data: {"distance_1": 192.9528821258865, "distance_2": 50.57488145667185, "tds": 1095.9084444715718, "turbidity": 10.7022016052736}
2024-08-02 13:40:55,099 - ADCController - DEBUG - Channel 0 raw value: 17568, voltage: 2.196 V
2024-08-02 13:40:55,099 - ADCController - DEBUG - Channel 0 raw value: 17568, voltage: 2.196 V
2024-08-02 13:40:55,101 - TDSSensor - DEBUG - Voltage: 2.196 V, TDS: 1098.03 ppm
2024-08-02 13:40:55,105 - ADCController - DEBUG - Channel 1 raw value: 17568, voltage: 2.196 V
2024-08-02 13:40:55,105 - ADCController - DEBUG - Channel 1 raw value: 17568, voltage: 2.196 V
2024-08-02 13:40:55,110 - TurbiditySensor - DEBUG - Voltage: 2.196 V, Turbidity: 10.98 NTU
2024-08-02 13:40:55,112 - BoatController - INFO - Sensor data: {"distance_1": 400.0, "distance_2": 49.34734937093401, "tds": 1098.0335093234048, "turbidity": 10.980335093234048}
2024-08-02 13:40:55,116 - server.websockets.connection - INFO - Sent sensor data: {"distance_1": 400.0, "distance_2": 49.34734937093401, "tds": 1098.0335093234048, "turbidity": 10.980335093234048}
2024-08-02 13:40:57,123 - ADCController - DEBUG - Channel 0 raw value: 17403, voltage: 2.175 V
2024-08-02 13:40:57,123 - ADCController - DEBUG - Channel 0 raw value: 17403, voltage: 2.175 V
2024-08-02 13:40:57,125 - TDSSensor - DEBUG - Voltage: 2.175 V, TDS: 1087.72 ppm
2024-08-02 13:40:57,130 - ADCController - DEBUG - Channel 1 raw value: 17305, voltage: 2.163 V
2024-08-02 13:40:57,130 - ADCController - DEBUG - Channel 1 raw value: 17305, voltage: 2.163 V
2024-08-02 13:40:57,134 - TurbiditySensor - DEBUG - Voltage: 2.163 V, Turbidity: 10.82 NTU
2024-08-02 13:40:57,137 - BoatController - INFO - Sensor data: {"distance_1": 400.0, "distance_2": 49.60218559553158, "tds": 1087.7206946012757, "turbidity": 10.81595507675405}
2024-08-02 13:40:57,142 - server.websockets.connection - INFO - Sent sensor data: {"distance_1": 400.0, "distance_2": 49.60218559553158, "tds": 1087.7206946012757, "turbidity": 10.81595507675405}
2024-08-02 13:40:59,148 - ADCController - DEBUG - Channel 0 raw value: 17353, voltage: 2.169 V
2024-08-02 13:40:59,148 - ADCController - DEBUG - Channel 0 raw value: 17353, voltage: 2.169 V
2024-08-02 13:40:59,152 - TDSSensor - DEBUG - Voltage: 2.169 V, TDS: 1084.60 ppm
2024-08-02 13:40:59,156 - ADCController - DEBUG - Channel 1 raw value: 17353, voltage: 2.169 V
2024-08-02 13:40:59,156 - ADCController - DEBUG - Channel 1 raw value: 17353, voltage: 2.169 V
2024-08-02 13:40:59,163 - TurbiditySensor - DEBUG - Voltage: 2.169 V, Turbidity: 10.85 NTU
2024-08-02 13:40:59,169 - BoatController - INFO - Sensor data: {"distance_1": 167.93532098963067, "distance_2": 48.481956584672105, "tds": 1084.5955992309337, "turbidity": 10.845955992309337}
2024-08-02 13:40:59,174 - server.websockets.connection - INFO - Sent sensor data: {"distance_1": 167.93532098963067, "distance_2": 48.481956584672105, "tds": 1084.5955992309337, "turbidity": 10.845955992309337}
